{"D:\\tutor-application\\src\\emailService.js": {"path":"D:\\tutor-application\\src\\emailService.js","statementMap":{"0":{"start":{"line":2,"column":19},"end":{"line":2,"column":40}},"1":{"start":{"line":3,"column":31},"end":{"line":3,"column":57}},"2":{"start":{"line":6,"column":18},"end":{"line":6,"column":22}},"3":{"start":{"line":9,"column":2},"end":{"line":17,"column":3}},"4":{"start":{"line":10,"column":4},"end":{"line":16,"column":7}},"5":{"start":{"line":18,"column":2},"end":{"line":18,"column":21}},"6":{"start":{"line":23,"column":21},"end":{"line":23,"column":84}},"7":{"start":{"line":25,"column":2},"end":{"line":32,"column":3}},"8":{"start":{"line":26,"column":4},"end":{"line":30,"column":6}},"9":{"start":{"line":31,"column":4},"end":{"line":31,"column":66}},"10":{"start":{"line":34,"column":22},"end":{"line":44,"column":3}},"11":{"start":{"line":46,"column":2},"end":{"line":53,"column":3}},"12":{"start":{"line":47,"column":17},"end":{"line":47,"column":61}},"13":{"start":{"line":48,"column":4},"end":{"line":48,"column":61}},"14":{"start":{"line":49,"column":4},"end":{"line":49,"column":16}},"15":{"start":{"line":51,"column":4},"end":{"line":51,"column":70}},"16":{"start":{"line":52,"column":4},"end":{"line":52,"column":16}},"17":{"start":{"line":57,"column":0},"end":{"line":62,"column":2}},"18":{"start":{"line":60,"column":4},"end":{"line":60,"column":20}}},"fnMap":{"0":{"name":"getTransporter","decl":{"start":{"line":8,"column":9},"end":{"line":8,"column":23}},"loc":{"start":{"line":8,"column":26},"end":{"line":19,"column":1}},"line":8},"1":{"name":"sendEmailToAdmin","decl":{"start":{"line":22,"column":15},"end":{"line":22,"column":31}},"loc":{"start":{"line":22,"column":48},"end":{"line":54,"column":1}},"line":22},"2":{"name":"(anonymous_2)","decl":{"start":{"line":59,"column":18},"end":{"line":59,"column":19}},"loc":{"start":{"line":59,"column":25},"end":{"line":61,"column":3}},"line":59}},"branchMap":{"0":{"loc":{"start":{"line":9,"column":2},"end":{"line":17,"column":3}},"type":"if","locations":[{"start":{"line":9,"column":2},"end":{"line":17,"column":3}},{"start":{},"end":{}}],"line":9},"1":{"loc":{"start":{"line":23,"column":21},"end":{"line":23,"column":84}},"type":"binary-expr","locations":[{"start":{"line":23,"column":21},"end":{"line":23,"column":57}},{"start":{"line":23,"column":61},"end":{"line":23,"column":84}}],"line":23},"2":{"loc":{"start":{"line":25,"column":2},"end":{"line":32,"column":3}},"type":"if","locations":[{"start":{"line":25,"column":2},"end":{"line":32,"column":3}},{"start":{},"end":{}}],"line":25}},"s":{"0":1,"1":1,"2":1,"3":5,"4":1,"5":5,"6":6,"7":6,"8":1,"9":1,"10":5,"11":5,"12":5,"13":4,"14":4,"15":1,"16":1,"17":1,"18":7},"f":{"0":5,"1":6,"2":7},"b":{"0":[1,4],"1":[6,2],"2":[1,5]},"_coverageSchema":"1a1c01bbd47fc00a2c39e90264f33305004495a9","hash":"338f727744f72f2697a8912003ea94752d1f9151"}
,"D:\\tutor-application\\src\\config\\logger.js": {"path":"D:\\tutor-application\\src\\config\\logger.js","statementMap":{"0":{"start":{"line":1,"column":16},"end":{"line":1,"column":34}},"1":{"start":{"line":2,"column":24},"end":{"line":2,"column":60}},"2":{"start":{"line":3,"column":13},"end":{"line":3,"column":28}},"3":{"start":{"line":5,"column":15},"end":{"line":5,"column":52}},"4":{"start":{"line":8,"column":18},"end":{"line":13,"column":1}},"5":{"start":{"line":16,"column":22},"end":{"line":26,"column":1}},"6":{"start":{"line":20,"column":14},"end":{"line":20,"column":51}},"7":{"start":{"line":21,"column":4},"end":{"line":23,"column":5}},"8":{"start":{"line":22,"column":6},"end":{"line":22,"column":40}},"9":{"start":{"line":24,"column":4},"end":{"line":24,"column":15}},"10":{"start":{"line":29,"column":15},"end":{"line":71,"column":2}},"11":{"start":{"line":74,"column":0},"end":{"line":80,"column":1}},"12":{"start":{"line":75,"column":2},"end":{"line":79,"column":4}},"13":{"start":{"line":83,"column":19},"end":{"line":113,"column":1}},"14":{"start":{"line":84,"column":16},"end":{"line":84,"column":26}},"15":{"start":{"line":87,"column":2},"end":{"line":110,"column":5}},"16":{"start":{"line":88,"column":21},"end":{"line":88,"column":39}},"17":{"start":{"line":89,"column":20},"end":{"line":96,"column":5}},"18":{"start":{"line":98,"column":4},"end":{"line":101,"column":5}},"19":{"start":{"line":99,"column":6},"end":{"line":99,"column":36}},"20":{"start":{"line":100,"column":6},"end":{"line":100,"column":41}},"21":{"start":{"line":103,"column":4},"end":{"line":109,"column":5}},"22":{"start":{"line":104,"column":6},"end":{"line":104,"column":51}},"23":{"start":{"line":105,"column":11},"end":{"line":109,"column":5}},"24":{"start":{"line":106,"column":6},"end":{"line":106,"column":51}},"25":{"start":{"line":108,"column":6},"end":{"line":108,"column":43}},"26":{"start":{"line":112,"column":2},"end":{"line":112,"column":9}},"27":{"start":{"line":116,"column":16},"end":{"line":162,"column":1}},"28":{"start":{"line":120,"column":6},"end":{"line":120,"column":91}},"29":{"start":{"line":121,"column":21},"end":{"line":121,"column":67}},"30":{"start":{"line":122,"column":22},"end":{"line":122,"column":98}},"31":{"start":{"line":123,"column":22},"end":{"line":123,"column":58}},"32":{"start":{"line":128,"column":21},"end":{"line":128,"column":91}},"33":{"start":{"line":129,"column":22},"end":{"line":129,"column":93}},"34":{"start":{"line":130,"column":36},"end":{"line":130,"column":82}},"35":{"start":{"line":131,"column":35},"end":{"line":131,"column":94}},"36":{"start":{"line":137,"column":6},"end":{"line":137,"column":72}},"37":{"start":{"line":139,"column":6},"end":{"line":139,"column":72}},"38":{"start":{"line":140,"column":36},"end":{"line":140,"column":89}},"39":{"start":{"line":142,"column":6},"end":{"line":142,"column":85}},"40":{"start":{"line":143,"column":38},"end":{"line":143,"column":93}},"41":{"start":{"line":145,"column":6},"end":{"line":145,"column":69}},"42":{"start":{"line":150,"column":27},"end":{"line":150,"column":69}},"43":{"start":{"line":152,"column":6},"end":{"line":152,"column":81}},"44":{"start":{"line":157,"column":21},"end":{"line":157,"column":92}},"45":{"start":{"line":158,"column":20},"end":{"line":158,"column":60}},"46":{"start":{"line":160,"column":6},"end":{"line":160,"column":85}},"47":{"start":{"line":164,"column":0},"end":{"line":168,"column":2}}},"fnMap":{"0":{"name":"(anonymous_0)","decl":{"start":{"line":19,"column":24},"end":{"line":19,"column":25}},"loc":{"start":{"line":19,"column":68},"end":{"line":25,"column":3}},"line":19},"1":{"name":"(anonymous_1)","decl":{"start":{"line":83,"column":19},"end":{"line":83,"column":20}},"loc":{"start":{"line":83,"column":39},"end":{"line":113,"column":1}},"line":83},"2":{"name":"(anonymous_2)","decl":{"start":{"line":87,"column":19},"end":{"line":87,"column":20}},"loc":{"start":{"line":87,"column":25},"end":{"line":110,"column":3}},"line":87},"3":{"name":"(anonymous_3)","decl":{"start":{"line":119,"column":13},"end":{"line":119,"column":14}},"loc":{"start":{"line":120,"column":6},"end":{"line":120,"column":91}},"line":120},"4":{"name":"(anonymous_4)","decl":{"start":{"line":121,"column":15},"end":{"line":121,"column":16}},"loc":{"start":{"line":121,"column":21},"end":{"line":121,"column":67}},"line":121},"5":{"name":"(anonymous_5)","decl":{"start":{"line":122,"column":11},"end":{"line":122,"column":12}},"loc":{"start":{"line":122,"column":22},"end":{"line":122,"column":98}},"line":122},"6":{"name":"(anonymous_6)","decl":{"start":{"line":123,"column":16},"end":{"line":123,"column":17}},"loc":{"start":{"line":123,"column":22},"end":{"line":123,"column":58}},"line":123},"7":{"name":"(anonymous_7)","decl":{"start":{"line":128,"column":11},"end":{"line":128,"column":12}},"loc":{"start":{"line":128,"column":21},"end":{"line":128,"column":91}},"line":128},"8":{"name":"(anonymous_8)","decl":{"start":{"line":129,"column":12},"end":{"line":129,"column":13}},"loc":{"start":{"line":129,"column":22},"end":{"line":129,"column":93}},"line":129},"9":{"name":"(anonymous_9)","decl":{"start":{"line":130,"column":17},"end":{"line":130,"column":18}},"loc":{"start":{"line":130,"column":36},"end":{"line":130,"column":82}},"line":130},"10":{"name":"(anonymous_10)","decl":{"start":{"line":131,"column":18},"end":{"line":131,"column":19}},"loc":{"start":{"line":131,"column":35},"end":{"line":131,"column":94}},"line":131},"11":{"name":"(anonymous_11)","decl":{"start":{"line":136,"column":13},"end":{"line":136,"column":14}},"loc":{"start":{"line":137,"column":6},"end":{"line":137,"column":72}},"line":137},"12":{"name":"(anonymous_12)","decl":{"start":{"line":138,"column":13},"end":{"line":138,"column":14}},"loc":{"start":{"line":139,"column":6},"end":{"line":139,"column":72}},"line":139},"13":{"name":"(anonymous_13)","decl":{"start":{"line":140,"column":13},"end":{"line":140,"column":14}},"loc":{"start":{"line":140,"column":36},"end":{"line":140,"column":89}},"line":140},"14":{"name":"(anonymous_14)","decl":{"start":{"line":141,"column":15},"end":{"line":141,"column":16}},"loc":{"start":{"line":142,"column":6},"end":{"line":142,"column":85}},"line":142},"15":{"name":"(anonymous_15)","decl":{"start":{"line":143,"column":14},"end":{"line":143,"column":15}},"loc":{"start":{"line":143,"column":38},"end":{"line":143,"column":93}},"line":143},"16":{"name":"(anonymous_16)","decl":{"start":{"line":144,"column":14},"end":{"line":144,"column":15}},"loc":{"start":{"line":145,"column":6},"end":{"line":145,"column":69}},"line":145},"17":{"name":"(anonymous_17)","decl":{"start":{"line":150,"column":10},"end":{"line":150,"column":11}},"loc":{"start":{"line":150,"column":27},"end":{"line":150,"column":69}},"line":150},"18":{"name":"(anonymous_18)","decl":{"start":{"line":151,"column":12},"end":{"line":151,"column":13}},"loc":{"start":{"line":152,"column":6},"end":{"line":152,"column":81}},"line":152},"19":{"name":"(anonymous_19)","decl":{"start":{"line":157,"column":11},"end":{"line":157,"column":12}},"loc":{"start":{"line":157,"column":21},"end":{"line":157,"column":92}},"line":157},"20":{"name":"(anonymous_20)","decl":{"start":{"line":158,"column":14},"end":{"line":158,"column":15}},"loc":{"start":{"line":158,"column":20},"end":{"line":158,"column":60}},"line":158},"21":{"name":"(anonymous_21)","decl":{"start":{"line":159,"column":11},"end":{"line":159,"column":12}},"loc":{"start":{"line":160,"column":6},"end":{"line":160,"column":85}},"line":160}},"branchMap":{"0":{"loc":{"start":{"line":5,"column":15},"end":{"line":5,"column":52}},"type":"binary-expr","locations":[{"start":{"line":5,"column":15},"end":{"line":5,"column":40}},{"start":{"line":5,"column":44},"end":{"line":5,"column":52}}],"line":5},"1":{"loc":{"start":{"line":21,"column":4},"end":{"line":23,"column":5}},"type":"if","locations":[{"start":{"line":21,"column":4},"end":{"line":23,"column":5}},{"start":{},"end":{}}],"line":21},"2":{"loc":{"start":{"line":30,"column":9},"end":{"line":30,"column":40}},"type":"binary-expr","locations":[{"start":{"line":30,"column":9},"end":{"line":30,"column":30}},{"start":{"line":30,"column":34},"end":{"line":30,"column":40}}],"line":30},"3":{"loc":{"start":{"line":74,"column":0},"end":{"line":80,"column":1}},"type":"if","locations":[{"start":{"line":74,"column":0},"end":{"line":80,"column":1}},{"start":{},"end":{}}],"line":74},"4":{"loc":{"start":{"line":91,"column":11},"end":{"line":91,"column":37}},"type":"binary-expr","locations":[{"start":{"line":91,"column":11},"end":{"line":91,"column":26}},{"start":{"line":91,"column":30},"end":{"line":91,"column":37}}],"line":91},"5":{"loc":{"start":{"line":94,"column":10},"end":{"line":94,"column":48}},"type":"binary-expr","locations":[{"start":{"line":94,"column":10},"end":{"line":94,"column":16}},{"start":{"line":94,"column":20},"end":{"line":94,"column":48}}],"line":94},"6":{"loc":{"start":{"line":98,"column":4},"end":{"line":101,"column":5}},"type":"if","locations":[{"start":{"line":98,"column":4},"end":{"line":101,"column":5}},{"start":{},"end":{}}],"line":98},"7":{"loc":{"start":{"line":103,"column":4},"end":{"line":109,"column":5}},"type":"if","locations":[{"start":{"line":103,"column":4},"end":{"line":109,"column":5}},{"start":{"line":105,"column":11},"end":{"line":109,"column":5}}],"line":103},"8":{"loc":{"start":{"line":105,"column":11},"end":{"line":109,"column":5}},"type":"if","locations":[{"start":{"line":105,"column":11},"end":{"line":109,"column":5}},{"start":{"line":107,"column":11},"end":{"line":109,"column":5}}],"line":105}},"s":{"0":3,"1":3,"2":3,"3":3,"4":3,"5":3,"6":4,"7":4,"8":4,"9":4,"10":3,"11":3,"12":2,"13":3,"14":8,"15":8,"16":6,"17":6,"18":6,"19":1,"20":1,"21":6,"22":1,"23":5,"24":1,"25":4,"26":8,"27":3,"28":1,"29":1,"30":1,"31":1,"32":1,"33":1,"34":1,"35":1,"36":1,"37":1,"38":1,"39":1,"40":1,"41":1,"42":1,"43":1,"44":1,"45":1,"46":1,"47":3},"f":{"0":4,"1":8,"2":6,"3":1,"4":1,"5":1,"6":1,"7":1,"8":1,"9":1,"10":1,"11":1,"12":1,"13":1,"14":1,"15":1,"16":1,"17":1,"18":1,"19":1,"20":1,"21":1},"b":{"0":[3,3],"1":[4,0],"2":[3,3],"3":[2,1],"4":[6,1],"5":[6,1],"6":[1,5],"7":[1,5],"8":[1,4]},"_coverageSchema":"1a1c01bbd47fc00a2c39e90264f33305004495a9","hash":"7aabb4ce97ba97af40e36a2fa7be93ad74f2cb9d"}
,"D:\\tutor-application\\src\\middleware\\auth.js": {"path":"D:\\tutor-application\\src\\middleware\\auth.js","statementMap":{"0":{"start":{"line":9,"column":2},"end":{"line":11,"column":3}},"1":{"start":{"line":10,"column":4},"end":{"line":10,"column":18}},"2":{"start":{"line":12,"column":2},"end":{"line":12,"column":20}},"3":{"start":{"line":20,"column":2},"end":{"line":26,"column":3}},"4":{"start":{"line":25,"column":4},"end":{"line":25,"column":18}},"5":{"start":{"line":29,"column":2},"end":{"line":29,"column":32}},"6":{"start":{"line":37,"column":2},"end":{"line":43,"column":3}},"7":{"start":{"line":42,"column":4},"end":{"line":42,"column":18}},"8":{"start":{"line":46,"column":2},"end":{"line":46,"column":32}},"9":{"start":{"line":53,"column":2},"end":{"line":59,"column":3}},"10":{"start":{"line":54,"column":4},"end":{"line":54,"column":51}},"11":{"start":{"line":55,"column":4},"end":{"line":55,"column":80}},"12":{"start":{"line":57,"column":4},"end":{"line":57,"column":31}},"13":{"start":{"line":58,"column":4},"end":{"line":58,"column":31}},"14":{"start":{"line":60,"column":2},"end":{"line":60,"column":37}},"15":{"start":{"line":61,"column":2},"end":{"line":61,"column":9}},"16":{"start":{"line":64,"column":0},"end":{"line":69,"column":2}}},"fnMap":{"0":{"name":"isAuthenticated","decl":{"start":{"line":7,"column":9},"end":{"line":7,"column":24}},"loc":{"start":{"line":7,"column":41},"end":{"line":13,"column":1}},"line":7},"1":{"name":"isAdmin","decl":{"start":{"line":18,"column":9},"end":{"line":18,"column":16}},"loc":{"start":{"line":18,"column":33},"end":{"line":30,"column":1}},"line":18},"2":{"name":"isTutor","decl":{"start":{"line":35,"column":9},"end":{"line":35,"column":16}},"loc":{"start":{"line":35,"column":33},"end":{"line":47,"column":1}},"line":35},"3":{"name":"attachUserRole","decl":{"start":{"line":52,"column":9},"end":{"line":52,"column":23}},"loc":{"start":{"line":52,"column":40},"end":{"line":62,"column":1}},"line":52}},"branchMap":{"0":{"loc":{"start":{"line":9,"column":2},"end":{"line":11,"column":3}},"type":"if","locations":[{"start":{"line":9,"column":2},"end":{"line":11,"column":3}},{"start":{},"end":{}}],"line":9},"1":{"loc":{"start":{"line":9,"column":6},"end":{"line":9,"column":64}},"type":"binary-expr","locations":[{"start":{"line":9,"column":7},"end":{"line":9,"column":26}},{"start":{"line":9,"column":30},"end":{"line":9,"column":51}},{"start":{"line":9,"column":56},"end":{"line":9,"column":64}}],"line":9},"2":{"loc":{"start":{"line":20,"column":2},"end":{"line":26,"column":3}},"type":"if","locations":[{"start":{"line":20,"column":2},"end":{"line":26,"column":3}},{"start":{},"end":{}}],"line":20},"3":{"loc":{"start":{"line":21,"column":4},"end":{"line":23,"column":29}},"type":"binary-expr","locations":[{"start":{"line":21,"column":6},"end":{"line":21,"column":25}},{"start":{"line":21,"column":29},"end":{"line":21,"column":50}},{"start":{"line":21,"column":55},"end":{"line":21,"column":63}},{"start":{"line":22,"column":4},"end":{"line":22,"column":12}},{"start":{"line":23,"column":4},"end":{"line":23,"column":29}}],"line":21},"4":{"loc":{"start":{"line":37,"column":2},"end":{"line":43,"column":3}},"type":"if","locations":[{"start":{"line":37,"column":2},"end":{"line":43,"column":3}},{"start":{},"end":{}}],"line":37},"5":{"loc":{"start":{"line":38,"column":4},"end":{"line":40,"column":60}},"type":"binary-expr","locations":[{"start":{"line":38,"column":6},"end":{"line":38,"column":25}},{"start":{"line":38,"column":29},"end":{"line":38,"column":50}},{"start":{"line":38,"column":55},"end":{"line":38,"column":63}},{"start":{"line":39,"column":4},"end":{"line":39,"column":12}},{"start":{"line":40,"column":5},"end":{"line":40,"column":30}},{"start":{"line":40,"column":34},"end":{"line":40,"column":59}}],"line":38},"6":{"loc":{"start":{"line":53,"column":2},"end":{"line":59,"column":3}},"type":"if","locations":[{"start":{"line":53,"column":2},"end":{"line":59,"column":3}},{"start":{"line":56,"column":9},"end":{"line":59,"column":3}}],"line":53},"7":{"loc":{"start":{"line":55,"column":25},"end":{"line":55,"column":79}},"type":"binary-expr","locations":[{"start":{"line":55,"column":25},"end":{"line":55,"column":50}},{"start":{"line":55,"column":54},"end":{"line":55,"column":79}}],"line":55},"8":{"loc":{"start":{"line":60,"column":20},"end":{"line":60,"column":36}},"type":"binary-expr","locations":[{"start":{"line":60,"column":20},"end":{"line":60,"column":28}},{"start":{"line":60,"column":32},"end":{"line":60,"column":36}}],"line":60}},"s":{"0":85,"1":81,"2":4,"3":63,"4":54,"5":9,"6":23,"7":22,"8":1,"9":3,"10":2,"11":2,"12":1,"13":1,"14":3,"15":3,"16":3},"f":{"0":85,"1":63,"2":23,"3":3},"b":{"0":[81,4],"1":[85,85,4],"2":[54,9],"3":[63,63,1,62,62],"4":[22,1],"5":[23,23,1,22,22,1],"6":[2,1],"7":[2,1],"8":[3,1]},"_coverageSchema":"1a1c01bbd47fc00a2c39e90264f33305004495a9","hash":"5e9cb33f22a3511de5edfc998f407de7f6d5713e"}
,"D:\\tutor-application\\src\\middleware\\errorHandler.js": {"path":"D:\\tutor-application\\src\\middleware\\errorHandler.js","statementMap":{"0":{"start":{"line":1,"column":19},"end":{"line":1,"column":46}},"1":{"start":{"line":6,"column":4},"end":{"line":6,"column":19}},"2":{"start":{"line":7,"column":4},"end":{"line":7,"column":33}},"3":{"start":{"line":8,"column":4},"end":{"line":8,"column":39}},"4":{"start":{"line":9,"column":4},"end":{"line":9,"column":69}},"5":{"start":{"line":10,"column":4},"end":{"line":10,"column":52}},"6":{"start":{"line":15,"column":26},"end":{"line":18,"column":1}},"7":{"start":{"line":16,"column":18},"end":{"line":16,"column":53}},"8":{"start":{"line":17,"column":2},"end":{"line":17,"column":36}},"9":{"start":{"line":20,"column":32},"end":{"line":24,"column":1}},"10":{"start":{"line":21,"column":16},"end":{"line":21,"column":46}},"11":{"start":{"line":22,"column":18},"end":{"line":22,"column":81}},"12":{"start":{"line":23,"column":2},"end":{"line":23,"column":36}},"13":{"start":{"line":26,"column":32},"end":{"line":30,"column":1}},"14":{"start":{"line":27,"column":17},"end":{"line":27,"column":66}},"15":{"start":{"line":27,"column":55},"end":{"line":27,"column":65}},"16":{"start":{"line":28,"column":18},"end":{"line":28,"column":60}},"17":{"start":{"line":29,"column":2},"end":{"line":29,"column":36}},"18":{"start":{"line":33,"column":23},"end":{"line":33,"column":85}},"19":{"start":{"line":33,"column":29},"end":{"line":33,"column":85}},"20":{"start":{"line":35,"column":30},"end":{"line":36,"column":67}},"21":{"start":{"line":36,"column":2},"end":{"line":36,"column":67}},"22":{"start":{"line":39,"column":21},"end":{"line":57,"column":1}},"23":{"start":{"line":41,"column":2},"end":{"line":48,"column":3}},"24":{"start":{"line":42,"column":4},"end":{"line":47,"column":7}},"25":{"start":{"line":51,"column":2},"end":{"line":51,"column":66}},"26":{"start":{"line":52,"column":2},"end":{"line":56,"column":5}},"27":{"start":{"line":60,"column":22},"end":{"line":94,"column":1}},"28":{"start":{"line":62,"column":2},"end":{"line":77,"column":3}},"29":{"start":{"line":64,"column":4},"end":{"line":69,"column":5}},"30":{"start":{"line":65,"column":6},"end":{"line":68,"column":9}},"31":{"start":{"line":72,"column":4},"end":{"line":72,"column":68}},"32":{"start":{"line":73,"column":4},"end":{"line":76,"column":7}},"33":{"start":{"line":81,"column":2},"end":{"line":86,"column":3}},"34":{"start":{"line":82,"column":4},"end":{"line":85,"column":7}},"35":{"start":{"line":89,"column":2},"end":{"line":89,"column":66}},"36":{"start":{"line":90,"column":2},"end":{"line":93,"column":5}},"37":{"start":{"line":97,"column":21},"end":{"line":129,"column":1}},"38":{"start":{"line":98,"column":2},"end":{"line":98,"column":41}},"39":{"start":{"line":99,"column":2},"end":{"line":99,"column":37}},"40":{"start":{"line":101,"column":2},"end":{"line":128,"column":3}},"41":{"start":{"line":102,"column":4},"end":{"line":102,"column":32}},"42":{"start":{"line":103,"column":9},"end":{"line":128,"column":3}},"43":{"start":{"line":104,"column":16},"end":{"line":104,"column":26}},"44":{"start":{"line":105,"column":4},"end":{"line":105,"column":32}},"45":{"start":{"line":108,"column":4},"end":{"line":110,"column":5}},"46":{"start":{"line":109,"column":6},"end":{"line":109,"column":37}},"47":{"start":{"line":111,"column":4},"end":{"line":113,"column":5}},"48":{"start":{"line":112,"column":6},"end":{"line":112,"column":43}},"49":{"start":{"line":114,"column":4},"end":{"line":116,"column":5}},"50":{"start":{"line":115,"column":6},"end":{"line":115,"column":43}},"51":{"start":{"line":117,"column":4},"end":{"line":119,"column":5}},"52":{"start":{"line":118,"column":6},"end":{"line":118,"column":31}},"53":{"start":{"line":120,"column":4},"end":{"line":122,"column":5}},"54":{"start":{"line":121,"column":6},"end":{"line":121,"column":38}},"55":{"start":{"line":124,"column":4},"end":{"line":124,"column":35}},"56":{"start":{"line":127,"column":4},"end":{"line":127,"column":32}},"57":{"start":{"line":132,"column":24},"end":{"line":135,"column":1}},"58":{"start":{"line":133,"column":14},"end":{"line":133,"column":80}},"59":{"start":{"line":134,"column":2},"end":{"line":134,"column":12}},"60":{"start":{"line":138,"column":19},"end":{"line":140,"column":1}},"61":{"start":{"line":138,"column":27},"end":{"line":140,"column":1}},"62":{"start":{"line":139,"column":2},"end":{"line":139,"column":50}},"63":{"start":{"line":142,"column":0},"end":{"line":147,"column":2}}},"fnMap":{"0":{"name":"(anonymous_0)","decl":{"start":{"line":5,"column":2},"end":{"line":5,"column":3}},"loc":{"start":{"line":5,"column":57},"end":{"line":11,"column":3}},"line":5},"1":{"name":"(anonymous_1)","decl":{"start":{"line":15,"column":26},"end":{"line":15,"column":27}},"loc":{"start":{"line":15,"column":35},"end":{"line":18,"column":1}},"line":15},"2":{"name":"(anonymous_2)","decl":{"start":{"line":20,"column":32},"end":{"line":20,"column":33}},"loc":{"start":{"line":20,"column":41},"end":{"line":24,"column":1}},"line":20},"3":{"name":"(anonymous_3)","decl":{"start":{"line":26,"column":32},"end":{"line":26,"column":33}},"loc":{"start":{"line":26,"column":41},"end":{"line":30,"column":1}},"line":26},"4":{"name":"(anonymous_4)","decl":{"start":{"line":27,"column":47},"end":{"line":27,"column":48}},"loc":{"start":{"line":27,"column":55},"end":{"line":27,"column":65}},"line":27},"5":{"name":"(anonymous_5)","decl":{"start":{"line":33,"column":23},"end":{"line":33,"column":24}},"loc":{"start":{"line":33,"column":29},"end":{"line":33,"column":85}},"line":33},"6":{"name":"(anonymous_6)","decl":{"start":{"line":35,"column":30},"end":{"line":35,"column":31}},"loc":{"start":{"line":36,"column":2},"end":{"line":36,"column":67}},"line":36},"7":{"name":"(anonymous_7)","decl":{"start":{"line":39,"column":21},"end":{"line":39,"column":22}},"loc":{"start":{"line":39,"column":40},"end":{"line":57,"column":1}},"line":39},"8":{"name":"(anonymous_8)","decl":{"start":{"line":60,"column":22},"end":{"line":60,"column":23}},"loc":{"start":{"line":60,"column":41},"end":{"line":94,"column":1}},"line":60},"9":{"name":"(anonymous_9)","decl":{"start":{"line":97,"column":21},"end":{"line":97,"column":22}},"loc":{"start":{"line":97,"column":47},"end":{"line":129,"column":1}},"line":97},"10":{"name":"(anonymous_10)","decl":{"start":{"line":132,"column":24},"end":{"line":132,"column":25}},"loc":{"start":{"line":132,"column":45},"end":{"line":135,"column":1}},"line":132},"11":{"name":"(anonymous_11)","decl":{"start":{"line":138,"column":19},"end":{"line":138,"column":20}},"loc":{"start":{"line":138,"column":27},"end":{"line":140,"column":1}},"line":138},"12":{"name":"(anonymous_12)","decl":{"start":{"line":138,"column":27},"end":{"line":138,"column":28}},"loc":{"start":{"line":138,"column":47},"end":{"line":140,"column":1}},"line":138}},"branchMap":{"0":{"loc":{"start":{"line":5,"column":35},"end":{"line":5,"column":55}},"type":"default-arg","locations":[{"start":{"line":5,"column":51},"end":{"line":5,"column":55}}],"line":5},"1":{"loc":{"start":{"line":9,"column":18},"end":{"line":9,"column":68}},"type":"cond-expr","locations":[{"start":{"line":9,"column":52},"end":{"line":9,"column":58}},{"start":{"line":9,"column":61},"end":{"line":9,"column":68}}],"line":9},"2":{"loc":{"start":{"line":41,"column":2},"end":{"line":48,"column":3}},"type":"if","locations":[{"start":{"line":41,"column":2},"end":{"line":48,"column":3}},{"start":{},"end":{}}],"line":41},"3":{"loc":{"start":{"line":62,"column":2},"end":{"line":77,"column":3}},"type":"if","locations":[{"start":{"line":62,"column":2},"end":{"line":77,"column":3}},{"start":{},"end":{}}],"line":62},"4":{"loc":{"start":{"line":64,"column":4},"end":{"line":69,"column":5}},"type":"if","locations":[{"start":{"line":64,"column":4},"end":{"line":69,"column":5}},{"start":{},"end":{}}],"line":64},"5":{"loc":{"start":{"line":81,"column":2},"end":{"line":86,"column":3}},"type":"if","locations":[{"start":{"line":81,"column":2},"end":{"line":86,"column":3}},{"start":{},"end":{}}],"line":81},"6":{"loc":{"start":{"line":98,"column":19},"end":{"line":98,"column":40}},"type":"binary-expr","locations":[{"start":{"line":98,"column":19},"end":{"line":98,"column":33}},{"start":{"line":98,"column":37},"end":{"line":98,"column":40}}],"line":98},"7":{"loc":{"start":{"line":99,"column":15},"end":{"line":99,"column":36}},"type":"binary-expr","locations":[{"start":{"line":99,"column":15},"end":{"line":99,"column":25}},{"start":{"line":99,"column":29},"end":{"line":99,"column":36}}],"line":99},"8":{"loc":{"start":{"line":101,"column":2},"end":{"line":128,"column":3}},"type":"if","locations":[{"start":{"line":101,"column":2},"end":{"line":128,"column":3}},{"start":{"line":103,"column":9},"end":{"line":128,"column":3}}],"line":101},"9":{"loc":{"start":{"line":103,"column":9},"end":{"line":128,"column":3}},"type":"if","locations":[{"start":{"line":103,"column":9},"end":{"line":128,"column":3}},{"start":{"line":125,"column":9},"end":{"line":128,"column":3}}],"line":103},"10":{"loc":{"start":{"line":108,"column":4},"end":{"line":110,"column":5}},"type":"if","locations":[{"start":{"line":108,"column":4},"end":{"line":110,"column":5}},{"start":{},"end":{}}],"line":108},"11":{"loc":{"start":{"line":111,"column":4},"end":{"line":113,"column":5}},"type":"if","locations":[{"start":{"line":111,"column":4},"end":{"line":113,"column":5}},{"start":{},"end":{}}],"line":111},"12":{"loc":{"start":{"line":114,"column":4},"end":{"line":116,"column":5}},"type":"if","locations":[{"start":{"line":114,"column":4},"end":{"line":116,"column":5}},{"start":{},"end":{}}],"line":114},"13":{"loc":{"start":{"line":117,"column":4},"end":{"line":119,"column":5}},"type":"if","locations":[{"start":{"line":117,"column":4},"end":{"line":119,"column":5}},{"start":{},"end":{}}],"line":117},"14":{"loc":{"start":{"line":120,"column":4},"end":{"line":122,"column":5}},"type":"if","locations":[{"start":{"line":120,"column":4},"end":{"line":122,"column":5}},{"start":{},"end":{}}],"line":120}},"s":{"0":1,"1":16,"2":16,"3":16,"4":16,"5":16,"6":1,"7":1,"8":1,"9":1,"10":1,"11":1,"12":1,"13":1,"14":1,"15":2,"16":1,"17":1,"18":1,"19":1,"20":1,"21":1,"22":1,"23":4,"24":3,"25":1,"26":1,"27":1,"28":9,"29":7,"30":6,"31":1,"32":1,"33":2,"34":1,"35":1,"36":1,"37":1,"38":13,"39":13,"40":13,"41":3,"42":10,"43":9,"44":9,"45":9,"46":1,"47":9,"48":1,"49":9,"50":1,"51":9,"52":1,"53":9,"54":1,"55":9,"56":1,"57":1,"58":1,"59":1,"60":1,"61":2,"62":2,"63":1},"f":{"0":16,"1":1,"2":1,"3":1,"4":2,"5":1,"6":1,"7":4,"8":9,"9":13,"10":1,"11":2,"12":2},"b":{"0":[13],"1":[12,4],"2":[3,1],"3":[7,2],"4":[6,1],"5":[1,1],"6":[13,1],"7":[13,6],"8":[3,10],"9":[9,1],"10":[1,8],"11":[1,8],"12":[1,8],"13":[1,8],"14":[1,8]},"_coverageSchema":"1a1c01bbd47fc00a2c39e90264f33305004495a9","hash":"55219c7a9d9b5cb6fda61f50099f7536947f2505"}
,"D:\\tutor-application\\src\\middleware\\security.js": {"path":"D:\\tutor-application\\src\\middleware\\security.js","statementMap":{"0":{"start":{"line":1,"column":15},"end":{"line":1,"column":32}},"1":{"start":{"line":2,"column":18},"end":{"line":2,"column":47}},"2":{"start":{"line":3,"column":22},"end":{"line":3,"column":55}},"3":{"start":{"line":4,"column":12},"end":{"line":4,"column":26}},"4":{"start":{"line":7,"column":21},"end":{"line":23,"column":2}},"5":{"start":{"line":26,"column":26},"end":{"line":37,"column":4}},"6":{"start":{"line":27,"column":2},"end":{"line":37,"column":4}},"7":{"start":{"line":35,"column":6},"end":{"line":35,"column":66}},"8":{"start":{"line":40,"column":19},"end":{"line":44,"column":1}},"9":{"start":{"line":47,"column":20},"end":{"line":51,"column":1}},"10":{"start":{"line":54,"column":29},"end":{"line":58,"column":1}},"11":{"start":{"line":61,"column":22},"end":{"line":66,"column":2}},"12":{"start":{"line":64,"column":4},"end":{"line":64,"column":76}},"13":{"start":{"line":69,"column":26},"end":{"line":71,"column":2}},"14":{"start":{"line":74,"column":26},"end":{"line":97,"column":1}},"15":{"start":{"line":76,"column":25},"end":{"line":84,"column":3}},"16":{"start":{"line":77,"column":4},"end":{"line":83,"column":7}},"17":{"start":{"line":78,"column":6},"end":{"line":82,"column":7}},"18":{"start":{"line":79,"column":8},"end":{"line":79,"column":35}},"19":{"start":{"line":80,"column":13},"end":{"line":82,"column":7}},"20":{"start":{"line":81,"column":8},"end":{"line":81,"column":33}},"21":{"start":{"line":86,"column":2},"end":{"line":88,"column":3}},"22":{"start":{"line":87,"column":4},"end":{"line":87,"column":29}},"23":{"start":{"line":89,"column":2},"end":{"line":91,"column":3}},"24":{"start":{"line":90,"column":4},"end":{"line":90,"column":30}},"25":{"start":{"line":92,"column":2},"end":{"line":94,"column":3}},"26":{"start":{"line":93,"column":4},"end":{"line":93,"column":31}},"27":{"start":{"line":96,"column":2},"end":{"line":96,"column":9}},"28":{"start":{"line":100,"column":24},"end":{"line":111,"column":1}},"29":{"start":{"line":102,"column":2},"end":{"line":102,"column":35}},"30":{"start":{"line":105,"column":2},"end":{"line":105,"column":53}},"31":{"start":{"line":106,"column":2},"end":{"line":106,"column":43}},"32":{"start":{"line":107,"column":2},"end":{"line":107,"column":53}},"33":{"start":{"line":108,"column":2},"end":{"line":108,"column":84}},"34":{"start":{"line":110,"column":2},"end":{"line":110,"column":9}},"35":{"start":{"line":113,"column":0},"end":{"line":122,"column":2}}},"fnMap":{"0":{"name":"(anonymous_0)","decl":{"start":{"line":26,"column":26},"end":{"line":26,"column":27}},"loc":{"start":{"line":27,"column":2},"end":{"line":37,"column":4}},"line":27},"1":{"name":"(anonymous_1)","decl":{"start":{"line":33,"column":10},"end":{"line":33,"column":11}},"loc":{"start":{"line":33,"column":19},"end":{"line":36,"column":5}},"line":33},"2":{"name":"(anonymous_2)","decl":{"start":{"line":63,"column":14},"end":{"line":63,"column":15}},"loc":{"start":{"line":63,"column":32},"end":{"line":65,"column":3}},"line":63},"3":{"name":"(anonymous_3)","decl":{"start":{"line":74,"column":26},"end":{"line":74,"column":27}},"loc":{"start":{"line":74,"column":46},"end":{"line":97,"column":1}},"line":74},"4":{"name":"(anonymous_4)","decl":{"start":{"line":76,"column":25},"end":{"line":76,"column":26}},"loc":{"start":{"line":76,"column":34},"end":{"line":84,"column":3}},"line":76},"5":{"name":"(anonymous_5)","decl":{"start":{"line":77,"column":29},"end":{"line":77,"column":30}},"loc":{"start":{"line":77,"column":38},"end":{"line":83,"column":5}},"line":77},"6":{"name":"(anonymous_6)","decl":{"start":{"line":100,"column":24},"end":{"line":100,"column":25}},"loc":{"start":{"line":100,"column":44},"end":{"line":111,"column":1}},"line":100}},"branchMap":{"0":{"loc":{"start":{"line":18,"column":31},"end":{"line":18,"column":80}},"type":"cond-expr","locations":[{"start":{"line":18,"column":71},"end":{"line":18,"column":73}},{"start":{"line":18,"column":76},"end":{"line":18,"column":80}}],"line":18},"1":{"loc":{"start":{"line":35,"column":13},"end":{"line":35,"column":65}},"type":"binary-expr","locations":[{"start":{"line":35,"column":13},"end":{"line":35,"column":35}},{"start":{"line":35,"column":39},"end":{"line":35,"column":65}}],"line":35},"2":{"loc":{"start":{"line":41,"column":2},"end":{"line":41,"column":62}},"type":"binary-expr","locations":[{"start":{"line":41,"column":2},"end":{"line":41,"column":44}},{"start":{"line":41,"column":48},"end":{"line":41,"column":62}}],"line":41},"3":{"loc":{"start":{"line":42,"column":2},"end":{"line":42,"column":54}},"type":"binary-expr","locations":[{"start":{"line":42,"column":2},"end":{"line":42,"column":47}},{"start":{"line":42,"column":51},"end":{"line":42,"column":54}}],"line":42},"4":{"loc":{"start":{"line":78,"column":6},"end":{"line":82,"column":7}},"type":"if","locations":[{"start":{"line":78,"column":6},"end":{"line":82,"column":7}},{"start":{"line":80,"column":13},"end":{"line":82,"column":7}}],"line":78},"5":{"loc":{"start":{"line":80,"column":13},"end":{"line":82,"column":7}},"type":"if","locations":[{"start":{"line":80,"column":13},"end":{"line":82,"column":7}},{"start":{},"end":{}}],"line":80},"6":{"loc":{"start":{"line":80,"column":17},"end":{"line":80,"column":66}},"type":"binary-expr","locations":[{"start":{"line":80,"column":17},"end":{"line":80,"column":45}},{"start":{"line":80,"column":49},"end":{"line":80,"column":66}}],"line":80},"7":{"loc":{"start":{"line":86,"column":2},"end":{"line":88,"column":3}},"type":"if","locations":[{"start":{"line":86,"column":2},"end":{"line":88,"column":3}},{"start":{},"end":{}}],"line":86},"8":{"loc":{"start":{"line":89,"column":2},"end":{"line":91,"column":3}},"type":"if","locations":[{"start":{"line":89,"column":2},"end":{"line":91,"column":3}},{"start":{},"end":{}}],"line":89},"9":{"loc":{"start":{"line":92,"column":2},"end":{"line":94,"column":3}},"type":"if","locations":[{"start":{"line":92,"column":2},"end":{"line":94,"column":3}},{"start":{},"end":{}}],"line":92}},"s":{"0":3,"1":3,"2":3,"3":3,"4":3,"5":3,"6":9,"7":3,"8":3,"9":3,"10":3,"11":3,"12":1,"13":3,"14":3,"15":9,"16":27,"17":19,"18":12,"19":7,"20":3,"21":9,"22":8,"23":9,"24":8,"25":9,"26":8,"27":9,"28":3,"29":1,"30":1,"31":1,"32":1,"33":1,"34":1,"35":3},"f":{"0":9,"1":3,"2":1,"3":9,"4":27,"5":19,"6":1},"b":{"0":[1,2],"1":[3,2],"2":[3,3],"3":[3,3],"4":[12,7],"5":[3,4],"6":[7,4],"7":[8,1],"8":[8,1],"9":[8,1]},"_coverageSchema":"1a1c01bbd47fc00a2c39e90264f33305004495a9","hash":"80d56d671cda75b56929245b2121e2220a49ab48"}
,"D:\\tutor-application\\src\\middleware\\validation.js": {"path":"D:\\tutor-application\\src\\middleware\\validation.js","statementMap":{"0":{"start":{"line":8,"column":49},"end":{"line":8,"column":57}},"1":{"start":{"line":9,"column":17},"end":{"line":9,"column":19}},"2":{"start":{"line":12,"column":2},"end":{"line":25,"column":3}},"3":{"start":{"line":13,"column":4},"end":{"line":13,"column":36}},"4":{"start":{"line":15,"column":24},"end":{"line":15,"column":38}},"5":{"start":{"line":16,"column":4},"end":{"line":18,"column":5}},"6":{"start":{"line":17,"column":6},"end":{"line":17,"column":41}},"7":{"start":{"line":20,"column":18},"end":{"line":20,"column":28}},"8":{"start":{"line":21,"column":4},"end":{"line":21,"column":36}},"9":{"start":{"line":22,"column":4},"end":{"line":24,"column":5}},"10":{"start":{"line":23,"column":6},"end":{"line":23,"column":50}},"11":{"start":{"line":28,"column":2},"end":{"line":34,"column":3}},"12":{"start":{"line":29,"column":4},"end":{"line":29,"column":40}},"13":{"start":{"line":30,"column":9},"end":{"line":34,"column":3}},"14":{"start":{"line":31,"column":4},"end":{"line":31,"column":58}},"15":{"start":{"line":32,"column":9},"end":{"line":34,"column":3}},"16":{"start":{"line":33,"column":4},"end":{"line":33,"column":59}},"17":{"start":{"line":37,"column":2},"end":{"line":43,"column":3}},"18":{"start":{"line":38,"column":4},"end":{"line":38,"column":43}},"19":{"start":{"line":39,"column":9},"end":{"line":43,"column":3}},"20":{"start":{"line":40,"column":4},"end":{"line":40,"column":62}},"21":{"start":{"line":41,"column":9},"end":{"line":43,"column":3}},"22":{"start":{"line":42,"column":4},"end":{"line":42,"column":63}},"23":{"start":{"line":46,"column":19},"end":{"line":46,"column":36}},"24":{"start":{"line":47,"column":2},"end":{"line":55,"column":3}},"25":{"start":{"line":48,"column":4},"end":{"line":48,"column":58}},"26":{"start":{"line":49,"column":9},"end":{"line":55,"column":3}},"27":{"start":{"line":50,"column":4},"end":{"line":50,"column":46}},"28":{"start":{"line":51,"column":9},"end":{"line":55,"column":3}},"29":{"start":{"line":52,"column":4},"end":{"line":52,"column":42}},"30":{"start":{"line":53,"column":9},"end":{"line":55,"column":3}},"31":{"start":{"line":54,"column":4},"end":{"line":54,"column":76}},"32":{"start":{"line":58,"column":2},"end":{"line":60,"column":3}},"33":{"start":{"line":59,"column":4},"end":{"line":59,"column":44}},"34":{"start":{"line":63,"column":2},"end":{"line":63,"column":38}},"35":{"start":{"line":64,"column":2},"end":{"line":64,"column":44}},"36":{"start":{"line":65,"column":2},"end":{"line":65,"column":28}},"37":{"start":{"line":67,"column":2},"end":{"line":67,"column":9}},"38":{"start":{"line":74,"column":27},"end":{"line":74,"column":35}},"39":{"start":{"line":75,"column":17},"end":{"line":75,"column":19}},"40":{"start":{"line":78,"column":2},"end":{"line":80,"column":3}},"41":{"start":{"line":79,"column":4},"end":{"line":79,"column":68}},"42":{"start":{"line":83,"column":2},"end":{"line":85,"column":3}},"43":{"start":{"line":84,"column":4},"end":{"line":84,"column":63}},"44":{"start":{"line":88,"column":2},"end":{"line":90,"column":3}},"45":{"start":{"line":89,"column":4},"end":{"line":89,"column":44}},"46":{"start":{"line":93,"column":2},"end":{"line":95,"column":3}},"47":{"start":{"line":94,"column":4},"end":{"line":94,"column":32}},"48":{"start":{"line":97,"column":2},"end":{"line":97,"column":9}},"49":{"start":{"line":100,"column":0},"end":{"line":103,"column":2}}},"fnMap":{"0":{"name":"validateTutorSession","decl":{"start":{"line":7,"column":9},"end":{"line":7,"column":29}},"loc":{"start":{"line":7,"column":46},"end":{"line":68,"column":1}},"line":7},"1":{"name":"validateAdminReview","decl":{"start":{"line":73,"column":9},"end":{"line":73,"column":28}},"loc":{"start":{"line":73,"column":45},"end":{"line":98,"column":1}},"line":73}},"branchMap":{"0":{"loc":{"start":{"line":12,"column":2},"end":{"line":25,"column":3}},"type":"if","locations":[{"start":{"line":12,"column":2},"end":{"line":25,"column":3}},{"start":{"line":14,"column":9},"end":{"line":25,"column":3}}],"line":12},"1":{"loc":{"start":{"line":16,"column":4},"end":{"line":18,"column":5}},"type":"if","locations":[{"start":{"line":16,"column":4},"end":{"line":18,"column":5}},{"start":{},"end":{}}],"line":16},"2":{"loc":{"start":{"line":22,"column":4},"end":{"line":24,"column":5}},"type":"if","locations":[{"start":{"line":22,"column":4},"end":{"line":24,"column":5}},{"start":{},"end":{}}],"line":22},"3":{"loc":{"start":{"line":28,"column":2},"end":{"line":34,"column":3}},"type":"if","locations":[{"start":{"line":28,"column":2},"end":{"line":34,"column":3}},{"start":{"line":30,"column":9},"end":{"line":34,"column":3}}],"line":28},"4":{"loc":{"start":{"line":28,"column":6},"end":{"line":28,"column":47}},"type":"binary-expr","locations":[{"start":{"line":28,"column":6},"end":{"line":28,"column":15}},{"start":{"line":28,"column":19},"end":{"line":28,"column":47}}],"line":28},"5":{"loc":{"start":{"line":30,"column":9},"end":{"line":34,"column":3}},"type":"if","locations":[{"start":{"line":30,"column":9},"end":{"line":34,"column":3}},{"start":{"line":32,"column":9},"end":{"line":34,"column":3}}],"line":30},"6":{"loc":{"start":{"line":32,"column":9},"end":{"line":34,"column":3}},"type":"if","locations":[{"start":{"line":32,"column":9},"end":{"line":34,"column":3}},{"start":{},"end":{}}],"line":32},"7":{"loc":{"start":{"line":37,"column":2},"end":{"line":43,"column":3}},"type":"if","locations":[{"start":{"line":37,"column":2},"end":{"line":43,"column":3}},{"start":{"line":39,"column":9},"end":{"line":43,"column":3}}],"line":37},"8":{"loc":{"start":{"line":37,"column":6},"end":{"line":37,"column":53}},"type":"binary-expr","locations":[{"start":{"line":37,"column":6},"end":{"line":37,"column":18}},{"start":{"line":37,"column":22},"end":{"line":37,"column":53}}],"line":37},"9":{"loc":{"start":{"line":39,"column":9},"end":{"line":43,"column":3}},"type":"if","locations":[{"start":{"line":39,"column":9},"end":{"line":43,"column":3}},{"start":{"line":41,"column":9},"end":{"line":43,"column":3}}],"line":39},"10":{"loc":{"start":{"line":41,"column":9},"end":{"line":43,"column":3}},"type":"if","locations":[{"start":{"line":41,"column":9},"end":{"line":43,"column":3}},{"start":{},"end":{}}],"line":41},"11":{"loc":{"start":{"line":47,"column":2},"end":{"line":55,"column":3}},"type":"if","locations":[{"start":{"line":47,"column":2},"end":{"line":55,"column":3}},{"start":{"line":49,"column":9},"end":{"line":55,"column":3}}],"line":47},"12":{"loc":{"start":{"line":47,"column":6},"end":{"line":47,"column":31}},"type":"binary-expr","locations":[{"start":{"line":47,"column":6},"end":{"line":47,"column":12}},{"start":{"line":47,"column":16},"end":{"line":47,"column":31}}],"line":47},"13":{"loc":{"start":{"line":49,"column":9},"end":{"line":55,"column":3}},"type":"if","locations":[{"start":{"line":49,"column":9},"end":{"line":55,"column":3}},{"start":{"line":51,"column":9},"end":{"line":55,"column":3}}],"line":49},"14":{"loc":{"start":{"line":51,"column":9},"end":{"line":55,"column":3}},"type":"if","locations":[{"start":{"line":51,"column":9},"end":{"line":55,"column":3}},{"start":{"line":53,"column":9},"end":{"line":55,"column":3}}],"line":51},"15":{"loc":{"start":{"line":53,"column":9},"end":{"line":55,"column":3}},"type":"if","locations":[{"start":{"line":53,"column":9},"end":{"line":55,"column":3}},{"start":{},"end":{}}],"line":53},"16":{"loc":{"start":{"line":58,"column":2},"end":{"line":60,"column":3}},"type":"if","locations":[{"start":{"line":58,"column":2},"end":{"line":60,"column":3}},{"start":{},"end":{}}],"line":58},"17":{"loc":{"start":{"line":78,"column":2},"end":{"line":80,"column":3}},"type":"if","locations":[{"start":{"line":78,"column":2},"end":{"line":80,"column":3}},{"start":{},"end":{}}],"line":78},"18":{"loc":{"start":{"line":78,"column":6},"end":{"line":78,"column":59}},"type":"binary-expr","locations":[{"start":{"line":78,"column":6},"end":{"line":78,"column":13}},{"start":{"line":78,"column":17},"end":{"line":78,"column":59}}],"line":78},"19":{"loc":{"start":{"line":83,"column":2},"end":{"line":85,"column":3}},"type":"if","locations":[{"start":{"line":83,"column":2},"end":{"line":85,"column":3}},{"start":{},"end":{}}],"line":83},"20":{"loc":{"start":{"line":83,"column":6},"end":{"line":83,"column":39}},"type":"binary-expr","locations":[{"start":{"line":83,"column":6},"end":{"line":83,"column":10}},{"start":{"line":83,"column":14},"end":{"line":83,"column":39}}],"line":83},"21":{"loc":{"start":{"line":88,"column":2},"end":{"line":90,"column":3}},"type":"if","locations":[{"start":{"line":88,"column":2},"end":{"line":90,"column":3}},{"start":{},"end":{}}],"line":88},"22":{"loc":{"start":{"line":93,"column":2},"end":{"line":95,"column":3}},"type":"if","locations":[{"start":{"line":93,"column":2},"end":{"line":95,"column":3}},{"start":{},"end":{}}],"line":93}},"s":{"0":24,"1":24,"2":24,"3":1,"4":23,"5":23,"6":1,"7":23,"8":23,"9":23,"10":2,"11":24,"12":1,"13":23,"14":2,"15":21,"16":1,"17":24,"18":1,"19":23,"20":2,"21":21,"22":1,"23":24,"24":24,"25":2,"26":22,"27":2,"28":20,"29":1,"30":19,"31":1,"32":24,"33":16,"34":8,"35":8,"36":8,"37":8,"38":7,"39":7,"40":7,"41":1,"42":7,"43":1,"44":7,"45":2,"46":5,"47":3,"48":5,"49":2},"f":{"0":24,"1":7},"b":{"0":[1,23],"1":[1,22],"2":[2,21],"3":[1,23],"4":[24,23],"5":[2,21],"6":[1,20],"7":[1,23],"8":[24,23],"9":[2,21],"10":[1,20],"11":[2,22],"12":[24,23],"13":[2,20],"14":[1,19],"15":[1,18],"16":[16,8],"17":[1,6],"18":[7,7],"19":[1,6],"20":[7,5],"21":[2,5],"22":[3,2]},"_coverageSchema":"1a1c01bbd47fc00a2c39e90264f33305004495a9","hash":"bb1fdba746da06cc72627a66bfce7e19c5e480d7"}
,"D:\\tutor-application\\src\\models\\AdminReviewLog.js": {"path":"D:\\tutor-application\\src\\models\\AdminReviewLog.js","statementMap":{"0":{"start":{"line":2,"column":17},"end":{"line":2,"column":36}},"1":{"start":{"line":5,"column":29},"end":{"line":39,"column":2}},"2":{"start":{"line":42,"column":0},"end":{"line":42,"column":59}},"3":{"start":{"line":43,"column":0},"end":{"line":43,"column":59}},"4":{"start":{"line":45,"column":23},"end":{"line":45,"column":77}},"5":{"start":{"line":47,"column":0},"end":{"line":47,"column":32}}},"fnMap":{},"branchMap":{},"s":{"0":2,"1":2,"2":2,"3":2,"4":2,"5":2},"f":{},"b":{},"_coverageSchema":"1a1c01bbd47fc00a2c39e90264f33305004495a9","hash":"1d6f42648fdb456a770247e6a3123b5db305f6db"}
,"D:\\tutor-application\\src\\models\\TutorSession.js": {"path":"D:\\tutor-application\\src\\models\\TutorSession.js","statementMap":{"0":{"start":{"line":2,"column":17},"end":{"line":2,"column":36}},"1":{"start":{"line":5,"column":27},"end":{"line":64,"column":2}},"2":{"start":{"line":67,"column":0},"end":{"line":85,"column":3}},"3":{"start":{"line":68,"column":2},"end":{"line":68,"column":31}},"4":{"start":{"line":71,"column":2},"end":{"line":73,"column":3}},"5":{"start":{"line":72,"column":4},"end":{"line":72,"column":35}},"6":{"start":{"line":76,"column":2},"end":{"line":82,"column":3}},"7":{"start":{"line":81,"column":4},"end":{"line":81,"column":34}},"8":{"start":{"line":84,"column":2},"end":{"line":84,"column":9}},"9":{"start":{"line":88,"column":0},"end":{"line":88,"column":62}},"10":{"start":{"line":90,"column":21},"end":{"line":90,"column":71}},"11":{"start":{"line":92,"column":0},"end":{"line":92,"column":30}}},"fnMap":{"0":{"name":"(anonymous_0)","decl":{"start":{"line":67,"column":31},"end":{"line":67,"column":32}},"loc":{"start":{"line":67,"column":47},"end":{"line":85,"column":1}},"line":67}},"branchMap":{"0":{"loc":{"start":{"line":71,"column":2},"end":{"line":73,"column":3}},"type":"if","locations":[{"start":{"line":71,"column":2},"end":{"line":73,"column":3}},{"start":{},"end":{}}],"line":71},"1":{"loc":{"start":{"line":71,"column":6},"end":{"line":71,"column":84}},"type":"binary-expr","locations":[{"start":{"line":71,"column":6},"end":{"line":71,"column":31}},{"start":{"line":71,"column":35},"end":{"line":71,"column":62}},{"start":{"line":71,"column":66},"end":{"line":71,"column":84}}],"line":71},"2":{"loc":{"start":{"line":76,"column":2},"end":{"line":82,"column":3}},"type":"if","locations":[{"start":{"line":76,"column":2},"end":{"line":82,"column":3}},{"start":{},"end":{}}],"line":76},"3":{"loc":{"start":{"line":77,"column":4},"end":{"line":79,"column":21}},"type":"binary-expr","locations":[{"start":{"line":77,"column":4},"end":{"line":77,"column":29}},{"start":{"line":78,"column":5},"end":{"line":78,"column":31}},{"start":{"line":78,"column":35},"end":{"line":78,"column":61}},{"start":{"line":79,"column":4},"end":{"line":79,"column":21}}],"line":77}},"s":{"0":4,"1":4,"2":4,"3":108,"4":108,"5":49,"6":108,"7":26,"8":108,"9":4,"10":4,"11":4},"f":{"0":108},"b":{"0":[49,59],"1":[108,98,49],"2":[26,82],"3":[108,98,76,26]},"_coverageSchema":"1a1c01bbd47fc00a2c39e90264f33305004495a9","hash":"10b08870794b334c8c7bc14bdc125c8096741b0a"}
,"D:\\tutor-application\\src\\models\\User.js": {"path":"D:\\tutor-application\\src\\models\\User.js","statementMap":{"0":{"start":{"line":2,"column":17},"end":{"line":2,"column":36}},"1":{"start":{"line":5,"column":19},"end":{"line":41,"column":2}},"2":{"start":{"line":44,"column":0},"end":{"line":47,"column":3}},"3":{"start":{"line":45,"column":2},"end":{"line":45,"column":31}},"4":{"start":{"line":46,"column":2},"end":{"line":46,"column":9}},"5":{"start":{"line":49,"column":13},"end":{"line":49,"column":47}},"6":{"start":{"line":51,"column":0},"end":{"line":51,"column":22}}},"fnMap":{"0":{"name":"(anonymous_0)","decl":{"start":{"line":44,"column":23},"end":{"line":44,"column":24}},"loc":{"start":{"line":44,"column":39},"end":{"line":47,"column":1}},"line":44}},"branchMap":{},"s":{"0":6,"1":6,"2":6,"3":196,"4":196,"5":6,"6":6},"f":{"0":196},"b":{},"_coverageSchema":"1a1c01bbd47fc00a2c39e90264f33305004495a9","hash":"88ae8d670da782c387dda8f3cf342a2d2787a7bd"}
,"D:\\tutor-application\\src\\routes\\adminRoutes.js": {"path":"D:\\tutor-application\\src\\routes\\adminRoutes.js","statementMap":{"0":{"start":{"line":2,"column":16},"end":{"line":2,"column":34}},"1":{"start":{"line":3,"column":15},"end":{"line":3,"column":31}},"2":{"start":{"line":4,"column":21},"end":{"line":4,"column":54}},"3":{"start":{"line":5,"column":23},"end":{"line":5,"column":58}},"4":{"start":{"line":6,"column":37},"end":{"line":6,"column":66}},"5":{"start":{"line":9,"column":0},"end":{"line":64,"column":3}},"6":{"start":{"line":10,"column":2},"end":{"line":63,"column":3}},"7":{"start":{"line":11,"column":50},"end":{"line":11,"column":59}},"8":{"start":{"line":14,"column":18},"end":{"line":14,"column":20}},"9":{"start":{"line":16,"column":4},"end":{"line":18,"column":5}},"10":{"start":{"line":17,"column":6},"end":{"line":17,"column":28}},"11":{"start":{"line":20,"column":4},"end":{"line":22,"column":5}},"12":{"start":{"line":21,"column":6},"end":{"line":21,"column":47}},"13":{"start":{"line":24,"column":4},"end":{"line":32,"column":5}},"14":{"start":{"line":25,"column":6},"end":{"line":25,"column":22}},"15":{"start":{"line":26,"column":6},"end":{"line":28,"column":7}},"16":{"start":{"line":27,"column":8},"end":{"line":27,"column":46}},"17":{"start":{"line":29,"column":6},"end":{"line":31,"column":7}},"18":{"start":{"line":30,"column":8},"end":{"line":30,"column":44}},"19":{"start":{"line":35,"column":26},"end":{"line":37,"column":25}},"20":{"start":{"line":40,"column":18},"end":{"line":40,"column":40}},"21":{"start":{"line":42,"column":20},"end":{"line":42,"column":47}},"22":{"start":{"line":43,"column":19},"end":{"line":43,"column":43}},"23":{"start":{"line":44,"column":4},"end":{"line":44,"column":31}},"24":{"start":{"line":45,"column":4},"end":{"line":45,"column":30}},"25":{"start":{"line":47,"column":4},"end":{"line":53,"column":7}},"26":{"start":{"line":55,"column":4},"end":{"line":55,"column":59}},"27":{"start":{"line":56,"column":4},"end":{"line":62,"column":7}},"28":{"start":{"line":67,"column":0},"end":{"line":102,"column":3}},"29":{"start":{"line":68,"column":2},"end":{"line":101,"column":3}},"30":{"start":{"line":69,"column":50},"end":{"line":69,"column":59}},"31":{"start":{"line":72,"column":18},"end":{"line":72,"column":20}},"32":{"start":{"line":74,"column":4},"end":{"line":76,"column":5}},"33":{"start":{"line":75,"column":6},"end":{"line":75,"column":28}},"34":{"start":{"line":78,"column":4},"end":{"line":80,"column":5}},"35":{"start":{"line":79,"column":6},"end":{"line":79,"column":47}},"36":{"start":{"line":82,"column":4},"end":{"line":90,"column":5}},"37":{"start":{"line":83,"column":6},"end":{"line":83,"column":22}},"38":{"start":{"line":84,"column":6},"end":{"line":86,"column":7}},"39":{"start":{"line":85,"column":8},"end":{"line":85,"column":46}},"40":{"start":{"line":87,"column":6},"end":{"line":89,"column":7}},"41":{"start":{"line":88,"column":8},"end":{"line":88,"column":44}},"42":{"start":{"line":93,"column":26},"end":{"line":95,"column":25}},"43":{"start":{"line":97,"column":4},"end":{"line":97,"column":54}},"44":{"start":{"line":99,"column":4},"end":{"line":99,"column":53}},"45":{"start":{"line":100,"column":4},"end":{"line":100,"column":62}},"46":{"start":{"line":105,"column":0},"end":{"line":123,"column":3}},"47":{"start":{"line":106,"column":2},"end":{"line":122,"column":3}},"48":{"start":{"line":107,"column":20},"end":{"line":107,"column":96}},"49":{"start":{"line":109,"column":4},"end":{"line":112,"column":5}},"50":{"start":{"line":110,"column":6},"end":{"line":110,"column":49}},"51":{"start":{"line":111,"column":6},"end":{"line":111,"column":36}},"52":{"start":{"line":115,"column":23},"end":{"line":115,"column":99}},"53":{"start":{"line":117,"column":4},"end":{"line":117,"column":57}},"54":{"start":{"line":119,"column":4},"end":{"line":119,"column":52}},"55":{"start":{"line":120,"column":4},"end":{"line":120,"column":59}},"56":{"start":{"line":121,"column":4},"end":{"line":121,"column":27}},"57":{"start":{"line":126,"column":0},"end":{"line":165,"column":3}},"58":{"start":{"line":127,"column":2},"end":{"line":164,"column":3}},"59":{"start":{"line":128,"column":34},"end":{"line":128,"column":42}},"60":{"start":{"line":131,"column":4},"end":{"line":133,"column":5}},"61":{"start":{"line":132,"column":6},"end":{"line":132,"column":95}},"62":{"start":{"line":134,"column":20},"end":{"line":137,"column":6}},"63":{"start":{"line":139,"column":4},"end":{"line":141,"column":5}},"64":{"start":{"line":140,"column":6},"end":{"line":140,"column":83}},"65":{"start":{"line":144,"column":4},"end":{"line":144,"column":32}},"66":{"start":{"line":145,"column":4},"end":{"line":145,"column":39}},"67":{"start":{"line":146,"column":4},"end":{"line":146,"column":25}},"68":{"start":{"line":149,"column":22},"end":{"line":156,"column":6}},"69":{"start":{"line":157,"column":4},"end":{"line":157,"column":27}},"70":{"start":{"line":159,"column":4},"end":{"line":159,"column":49}},"71":{"start":{"line":161,"column":4},"end":{"line":161,"column":51}},"72":{"start":{"line":162,"column":4},"end":{"line":162,"column":72}},"73":{"start":{"line":163,"column":4},"end":{"line":163,"column":27}},"74":{"start":{"line":168,"column":0},"end":{"line":207,"column":3}},"75":{"start":{"line":169,"column":2},"end":{"line":206,"column":3}},"76":{"start":{"line":170,"column":34},"end":{"line":170,"column":42}},"77":{"start":{"line":173,"column":4},"end":{"line":175,"column":5}},"78":{"start":{"line":174,"column":6},"end":{"line":174,"column":95}},"79":{"start":{"line":176,"column":20},"end":{"line":179,"column":6}},"80":{"start":{"line":181,"column":4},"end":{"line":183,"column":5}},"81":{"start":{"line":182,"column":6},"end":{"line":182,"column":83}},"82":{"start":{"line":186,"column":4},"end":{"line":186,"column":32}},"83":{"start":{"line":187,"column":4},"end":{"line":187,"column":55}},"84":{"start":{"line":188,"column":4},"end":{"line":188,"column":25}},"85":{"start":{"line":191,"column":22},"end":{"line":198,"column":6}},"86":{"start":{"line":199,"column":4},"end":{"line":199,"column":27}},"87":{"start":{"line":201,"column":4},"end":{"line":201,"column":49}},"88":{"start":{"line":203,"column":4},"end":{"line":203,"column":51}},"89":{"start":{"line":204,"column":4},"end":{"line":204,"column":72}},"90":{"start":{"line":205,"column":4},"end":{"line":205,"column":27}},"91":{"start":{"line":210,"column":0},"end":{"line":265,"column":3}},"92":{"start":{"line":211,"column":2},"end":{"line":264,"column":3}},"93":{"start":{"line":212,"column":50},"end":{"line":212,"column":59}},"94":{"start":{"line":215,"column":18},"end":{"line":215,"column":20}},"95":{"start":{"line":216,"column":4},"end":{"line":218,"column":5}},"96":{"start":{"line":217,"column":6},"end":{"line":217,"column":28}},"97":{"start":{"line":219,"column":4},"end":{"line":221,"column":5}},"98":{"start":{"line":220,"column":6},"end":{"line":220,"column":47}},"99":{"start":{"line":222,"column":4},"end":{"line":230,"column":5}},"100":{"start":{"line":223,"column":6},"end":{"line":223,"column":22}},"101":{"start":{"line":224,"column":6},"end":{"line":226,"column":7}},"102":{"start":{"line":225,"column":8},"end":{"line":225,"column":46}},"103":{"start":{"line":227,"column":6},"end":{"line":229,"column":7}},"104":{"start":{"line":228,"column":8},"end":{"line":228,"column":44}},"105":{"start":{"line":232,"column":21},"end":{"line":234,"column":25}},"106":{"start":{"line":238,"column":6},"end":{"line":238,"column":102}},"107":{"start":{"line":240,"column":4},"end":{"line":254,"column":7}},"108":{"start":{"line":241,"column":18},"end":{"line":252,"column":7}},"109":{"start":{"line":253,"column":6},"end":{"line":253,"column":34}},"110":{"start":{"line":257,"column":4},"end":{"line":257,"column":46}},"111":{"start":{"line":258,"column":4},"end":{"line":258,"column":98}},"112":{"start":{"line":259,"column":4},"end":{"line":259,"column":18}},"113":{"start":{"line":261,"column":4},"end":{"line":261,"column":50}},"114":{"start":{"line":262,"column":4},"end":{"line":262,"column":50}},"115":{"start":{"line":263,"column":4},"end":{"line":263,"column":27}},"116":{"start":{"line":268,"column":0},"end":{"line":272,"column":3}},"117":{"start":{"line":270,"column":16},"end":{"line":270,"column":38}},"118":{"start":{"line":271,"column":2},"end":{"line":271,"column":30}},"119":{"start":{"line":276,"column":2},"end":{"line":278,"column":3}},"120":{"start":{"line":277,"column":4},"end":{"line":277,"column":14}},"121":{"start":{"line":279,"column":14},"end":{"line":279,"column":27}},"122":{"start":{"line":280,"column":2},"end":{"line":282,"column":3}},"123":{"start":{"line":281,"column":4},"end":{"line":281,"column":42}},"124":{"start":{"line":283,"column":2},"end":{"line":283,"column":13}},"125":{"start":{"line":287,"column":0},"end":{"line":298,"column":3}},"126":{"start":{"line":288,"column":2},"end":{"line":297,"column":3}},"127":{"start":{"line":289,"column":22},"end":{"line":289,"column":35}},"128":{"start":{"line":290,"column":4},"end":{"line":290,"column":52}},"129":{"start":{"line":291,"column":4},"end":{"line":291,"column":57}},"130":{"start":{"line":292,"column":4},"end":{"line":292,"column":37}},"131":{"start":{"line":294,"column":4},"end":{"line":294,"column":50}},"132":{"start":{"line":295,"column":4},"end":{"line":295,"column":52}},"133":{"start":{"line":296,"column":4},"end":{"line":296,"column":37}},"134":{"start":{"line":301,"column":0},"end":{"line":314,"column":3}},"135":{"start":{"line":302,"column":2},"end":{"line":313,"column":3}},"136":{"start":{"line":303,"column":20},"end":{"line":303,"column":96}},"137":{"start":{"line":304,"column":4},"end":{"line":307,"column":5}},"138":{"start":{"line":305,"column":6},"end":{"line":305,"column":49}},"139":{"start":{"line":306,"column":6},"end":{"line":306,"column":46}},"140":{"start":{"line":308,"column":4},"end":{"line":308,"column":70}},"141":{"start":{"line":310,"column":4},"end":{"line":310,"column":58}},"142":{"start":{"line":311,"column":4},"end":{"line":311,"column":51}},"143":{"start":{"line":312,"column":4},"end":{"line":312,"column":37}},"144":{"start":{"line":317,"column":0},"end":{"line":335,"column":3}},"145":{"start":{"line":318,"column":2},"end":{"line":334,"column":3}},"146":{"start":{"line":319,"column":70},"end":{"line":319,"column":78}},"147":{"start":{"line":320,"column":4},"end":{"line":327,"column":7}},"148":{"start":{"line":328,"column":4},"end":{"line":328,"column":57}},"149":{"start":{"line":329,"column":4},"end":{"line":329,"column":37}},"150":{"start":{"line":331,"column":4},"end":{"line":331,"column":50}},"151":{"start":{"line":332,"column":4},"end":{"line":332,"column":52}},"152":{"start":{"line":333,"column":4},"end":{"line":333,"column":37}},"153":{"start":{"line":338,"column":0},"end":{"line":346,"column":3}},"154":{"start":{"line":339,"column":2},"end":{"line":343,"column":5}},"155":{"start":{"line":344,"column":2},"end":{"line":344,"column":29}},"156":{"start":{"line":345,"column":2},"end":{"line":345,"column":28}},"157":{"start":{"line":349,"column":0},"end":{"line":368,"column":3}},"158":{"start":{"line":350,"column":2},"end":{"line":367,"column":3}},"159":{"start":{"line":351,"column":17},"end":{"line":351,"column":42}},"160":{"start":{"line":352,"column":18},"end":{"line":352,"column":59}},"161":{"start":{"line":353,"column":4},"end":{"line":357,"column":7}},"162":{"start":{"line":358,"column":4},"end":{"line":358,"column":31}},"163":{"start":{"line":359,"column":4},"end":{"line":359,"column":30}},"164":{"start":{"line":361,"column":4},"end":{"line":361,"column":47}},"165":{"start":{"line":362,"column":4},"end":{"line":366,"column":7}},"166":{"start":{"line":372,"column":2},"end":{"line":408,"column":3}},"167":{"start":{"line":373,"column":18},"end":{"line":373,"column":53}},"168":{"start":{"line":374,"column":20},"end":{"line":374,"column":78}},"169":{"start":{"line":375,"column":21},"end":{"line":375,"column":78}},"170":{"start":{"line":376,"column":21},"end":{"line":376,"column":78}},"171":{"start":{"line":377,"column":18},"end":{"line":377,"column":72}},"172":{"start":{"line":379,"column":23},"end":{"line":381,"column":6}},"173":{"start":{"line":383,"column":25},"end":{"line":386,"column":6}},"174":{"start":{"line":388,"column":25},"end":{"line":390,"column":6}},"175":{"start":{"line":392,"column":4},"end":{"line":404,"column":6}},"176":{"start":{"line":401,"column":8},"end":{"line":401,"column":35}},"177":{"start":{"line":402,"column":8},"end":{"line":402,"column":19}},"178":{"start":{"line":406,"column":4},"end":{"line":406,"column":51}},"179":{"start":{"line":407,"column":4},"end":{"line":407,"column":72}},"180":{"start":{"line":411,"column":0},"end":{"line":411,"column":24}}},"fnMap":{"0":{"name":"(anonymous_0)","decl":{"start":{"line":9,"column":51},"end":{"line":9,"column":52}},"loc":{"start":{"line":9,"column":71},"end":{"line":64,"column":1}},"line":9},"1":{"name":"(anonymous_1)","decl":{"start":{"line":67,"column":50},"end":{"line":67,"column":51}},"loc":{"start":{"line":67,"column":70},"end":{"line":102,"column":1}},"line":67},"2":{"name":"(anonymous_2)","decl":{"start":{"line":105,"column":53},"end":{"line":105,"column":54}},"loc":{"start":{"line":105,"column":73},"end":{"line":123,"column":1}},"line":105},"3":{"name":"(anonymous_3)","decl":{"start":{"line":126,"column":62},"end":{"line":126,"column":63}},"loc":{"start":{"line":126,"column":82},"end":{"line":165,"column":1}},"line":126},"4":{"name":"(anonymous_4)","decl":{"start":{"line":168,"column":61},"end":{"line":168,"column":62}},"loc":{"start":{"line":168,"column":81},"end":{"line":207,"column":1}},"line":168},"5":{"name":"(anonymous_5)","decl":{"start":{"line":210,"column":48},"end":{"line":210,"column":49}},"loc":{"start":{"line":210,"column":68},"end":{"line":265,"column":1}},"line":210},"6":{"name":"(anonymous_6)","decl":{"start":{"line":240,"column":21},"end":{"line":240,"column":22}},"loc":{"start":{"line":240,"column":34},"end":{"line":254,"column":5}},"line":240},"7":{"name":"(anonymous_7)","decl":{"start":{"line":268,"column":47},"end":{"line":268,"column":48}},"loc":{"start":{"line":268,"column":67},"end":{"line":272,"column":1}},"line":268},"8":{"name":"escapeCSV","decl":{"start":{"line":275,"column":9},"end":{"line":275,"column":18}},"loc":{"start":{"line":275,"column":26},"end":{"line":284,"column":1}},"line":275},"9":{"name":"(anonymous_9)","decl":{"start":{"line":287,"column":61},"end":{"line":287,"column":62}},"loc":{"start":{"line":287,"column":81},"end":{"line":298,"column":1}},"line":287},"10":{"name":"(anonymous_10)","decl":{"start":{"line":301,"column":58},"end":{"line":301,"column":59}},"loc":{"start":{"line":301,"column":78},"end":{"line":314,"column":1}},"line":301},"11":{"name":"(anonymous_11)","decl":{"start":{"line":317,"column":61},"end":{"line":317,"column":62}},"loc":{"start":{"line":317,"column":81},"end":{"line":335,"column":1}},"line":317},"12":{"name":"(anonymous_12)","decl":{"start":{"line":338,"column":50},"end":{"line":338,"column":51}},"loc":{"start":{"line":338,"column":64},"end":{"line":346,"column":1}},"line":338},"13":{"name":"(anonymous_13)","decl":{"start":{"line":349,"column":47},"end":{"line":349,"column":48}},"loc":{"start":{"line":349,"column":67},"end":{"line":368,"column":1}},"line":349},"14":{"name":"calculateStats","decl":{"start":{"line":371,"column":15},"end":{"line":371,"column":29}},"loc":{"start":{"line":371,"column":32},"end":{"line":409,"column":1}},"line":371},"15":{"name":"(anonymous_15)","decl":{"start":{"line":400,"column":40},"end":{"line":400,"column":41}},"loc":{"start":{"line":400,"column":55},"end":{"line":403,"column":7}},"line":400}},"branchMap":{"0":{"loc":{"start":{"line":16,"column":4},"end":{"line":18,"column":5}},"type":"if","locations":[{"start":{"line":16,"column":4},"end":{"line":18,"column":5}},{"start":{},"end":{}}],"line":16},"1":{"loc":{"start":{"line":20,"column":4},"end":{"line":22,"column":5}},"type":"if","locations":[{"start":{"line":20,"column":4},"end":{"line":22,"column":5}},{"start":{},"end":{}}],"line":20},"2":{"loc":{"start":{"line":24,"column":4},"end":{"line":32,"column":5}},"type":"if","locations":[{"start":{"line":24,"column":4},"end":{"line":32,"column":5}},{"start":{},"end":{}}],"line":24},"3":{"loc":{"start":{"line":24,"column":8},"end":{"line":24,"column":28}},"type":"binary-expr","locations":[{"start":{"line":24,"column":8},"end":{"line":24,"column":17}},{"start":{"line":24,"column":21},"end":{"line":24,"column":28}}],"line":24},"4":{"loc":{"start":{"line":26,"column":6},"end":{"line":28,"column":7}},"type":"if","locations":[{"start":{"line":26,"column":6},"end":{"line":28,"column":7}},{"start":{},"end":{}}],"line":26},"5":{"loc":{"start":{"line":29,"column":6},"end":{"line":31,"column":7}},"type":"if","locations":[{"start":{"line":29,"column":6},"end":{"line":31,"column":7}},{"start":{},"end":{}}],"line":29},"6":{"loc":{"start":{"line":42,"column":20},"end":{"line":42,"column":47}},"type":"binary-expr","locations":[{"start":{"line":42,"column":20},"end":{"line":42,"column":39}},{"start":{"line":42,"column":43},"end":{"line":42,"column":47}}],"line":42},"7":{"loc":{"start":{"line":43,"column":19},"end":{"line":43,"column":43}},"type":"binary-expr","locations":[{"start":{"line":43,"column":19},"end":{"line":43,"column":37}},{"start":{"line":43,"column":41},"end":{"line":43,"column":43}}],"line":43},"8":{"loc":{"start":{"line":74,"column":4},"end":{"line":76,"column":5}},"type":"if","locations":[{"start":{"line":74,"column":4},"end":{"line":76,"column":5}},{"start":{},"end":{}}],"line":74},"9":{"loc":{"start":{"line":78,"column":4},"end":{"line":80,"column":5}},"type":"if","locations":[{"start":{"line":78,"column":4},"end":{"line":80,"column":5}},{"start":{},"end":{}}],"line":78},"10":{"loc":{"start":{"line":82,"column":4},"end":{"line":90,"column":5}},"type":"if","locations":[{"start":{"line":82,"column":4},"end":{"line":90,"column":5}},{"start":{},"end":{}}],"line":82},"11":{"loc":{"start":{"line":82,"column":8},"end":{"line":82,"column":28}},"type":"binary-expr","locations":[{"start":{"line":82,"column":8},"end":{"line":82,"column":17}},{"start":{"line":82,"column":21},"end":{"line":82,"column":28}}],"line":82},"12":{"loc":{"start":{"line":84,"column":6},"end":{"line":86,"column":7}},"type":"if","locations":[{"start":{"line":84,"column":6},"end":{"line":86,"column":7}},{"start":{},"end":{}}],"line":84},"13":{"loc":{"start":{"line":87,"column":6},"end":{"line":89,"column":7}},"type":"if","locations":[{"start":{"line":87,"column":6},"end":{"line":89,"column":7}},{"start":{},"end":{}}],"line":87},"14":{"loc":{"start":{"line":109,"column":4},"end":{"line":112,"column":5}},"type":"if","locations":[{"start":{"line":109,"column":4},"end":{"line":112,"column":5}},{"start":{},"end":{}}],"line":109},"15":{"loc":{"start":{"line":131,"column":4},"end":{"line":133,"column":5}},"type":"if","locations":[{"start":{"line":131,"column":4},"end":{"line":133,"column":5}},{"start":{},"end":{}}],"line":131},"16":{"loc":{"start":{"line":131,"column":8},"end":{"line":131,"column":41}},"type":"binary-expr","locations":[{"start":{"line":131,"column":8},"end":{"line":131,"column":12}},{"start":{"line":131,"column":16},"end":{"line":131,"column":41}}],"line":131},"17":{"loc":{"start":{"line":139,"column":4},"end":{"line":141,"column":5}},"type":"if","locations":[{"start":{"line":139,"column":4},"end":{"line":141,"column":5}},{"start":{},"end":{}}],"line":139},"18":{"loc":{"start":{"line":145,"column":26},"end":{"line":145,"column":38}},"type":"binary-expr","locations":[{"start":{"line":145,"column":26},"end":{"line":145,"column":30}},{"start":{"line":145,"column":34},"end":{"line":145,"column":38}}],"line":145},"19":{"loc":{"start":{"line":153,"column":12},"end":{"line":153,"column":24}},"type":"binary-expr","locations":[{"start":{"line":153,"column":12},"end":{"line":153,"column":16}},{"start":{"line":153,"column":20},"end":{"line":153,"column":24}}],"line":153},"20":{"loc":{"start":{"line":173,"column":4},"end":{"line":175,"column":5}},"type":"if","locations":[{"start":{"line":173,"column":4},"end":{"line":175,"column":5}},{"start":{},"end":{}}],"line":173},"21":{"loc":{"start":{"line":173,"column":8},"end":{"line":173,"column":41}},"type":"binary-expr","locations":[{"start":{"line":173,"column":8},"end":{"line":173,"column":12}},{"start":{"line":173,"column":16},"end":{"line":173,"column":41}}],"line":173},"22":{"loc":{"start":{"line":181,"column":4},"end":{"line":183,"column":5}},"type":"if","locations":[{"start":{"line":181,"column":4},"end":{"line":183,"column":5}},{"start":{},"end":{}}],"line":181},"23":{"loc":{"start":{"line":187,"column":26},"end":{"line":187,"column":54}},"type":"binary-expr","locations":[{"start":{"line":187,"column":26},"end":{"line":187,"column":30}},{"start":{"line":187,"column":34},"end":{"line":187,"column":54}}],"line":187},"24":{"loc":{"start":{"line":195,"column":12},"end":{"line":195,"column":40}},"type":"binary-expr","locations":[{"start":{"line":195,"column":12},"end":{"line":195,"column":16}},{"start":{"line":195,"column":20},"end":{"line":195,"column":40}}],"line":195},"25":{"loc":{"start":{"line":216,"column":4},"end":{"line":218,"column":5}},"type":"if","locations":[{"start":{"line":216,"column":4},"end":{"line":218,"column":5}},{"start":{},"end":{}}],"line":216},"26":{"loc":{"start":{"line":219,"column":4},"end":{"line":221,"column":5}},"type":"if","locations":[{"start":{"line":219,"column":4},"end":{"line":221,"column":5}},{"start":{},"end":{}}],"line":219},"27":{"loc":{"start":{"line":222,"column":4},"end":{"line":230,"column":5}},"type":"if","locations":[{"start":{"line":222,"column":4},"end":{"line":230,"column":5}},{"start":{},"end":{}}],"line":222},"28":{"loc":{"start":{"line":222,"column":8},"end":{"line":222,"column":28}},"type":"binary-expr","locations":[{"start":{"line":222,"column":8},"end":{"line":222,"column":17}},{"start":{"line":222,"column":21},"end":{"line":222,"column":28}}],"line":222},"29":{"loc":{"start":{"line":224,"column":6},"end":{"line":226,"column":7}},"type":"if","locations":[{"start":{"line":224,"column":6},"end":{"line":226,"column":7}},{"start":{},"end":{}}],"line":224},"30":{"loc":{"start":{"line":227,"column":6},"end":{"line":229,"column":7}},"type":"if","locations":[{"start":{"line":227,"column":6},"end":{"line":229,"column":7}},{"start":{},"end":{}}],"line":227},"31":{"loc":{"start":{"line":249,"column":8},"end":{"line":249,"column":70}},"type":"cond-expr","locations":[{"start":{"line":249,"column":31},"end":{"line":249,"column":65}},{"start":{"line":249,"column":68},"end":{"line":249,"column":70}}],"line":249},"32":{"loc":{"start":{"line":250,"column":8},"end":{"line":250,"column":68}},"type":"cond-expr","locations":[{"start":{"line":250,"column":30},"end":{"line":250,"column":63}},{"start":{"line":250,"column":66},"end":{"line":250,"column":68}}],"line":250},"33":{"loc":{"start":{"line":276,"column":2},"end":{"line":278,"column":3}},"type":"if","locations":[{"start":{"line":276,"column":2},"end":{"line":278,"column":3}},{"start":{},"end":{}}],"line":276},"34":{"loc":{"start":{"line":276,"column":6},"end":{"line":276,"column":43}},"type":"binary-expr","locations":[{"start":{"line":276,"column":6},"end":{"line":276,"column":20}},{"start":{"line":276,"column":24},"end":{"line":276,"column":43}}],"line":276},"35":{"loc":{"start":{"line":280,"column":2},"end":{"line":282,"column":3}},"type":"if","locations":[{"start":{"line":280,"column":2},"end":{"line":282,"column":3}},{"start":{},"end":{}}],"line":280},"36":{"loc":{"start":{"line":280,"column":6},"end":{"line":280,"column":66}},"type":"binary-expr","locations":[{"start":{"line":280,"column":6},"end":{"line":280,"column":23}},{"start":{"line":280,"column":27},"end":{"line":280,"column":44}},{"start":{"line":280,"column":48},"end":{"line":280,"column":66}}],"line":280},"37":{"loc":{"start":{"line":304,"column":4},"end":{"line":307,"column":5}},"type":"if","locations":[{"start":{"line":304,"column":4},"end":{"line":307,"column":5}},{"start":{},"end":{}}],"line":304},"38":{"loc":{"start":{"line":341,"column":13},"end":{"line":341,"column":40}},"type":"binary-expr","locations":[{"start":{"line":341,"column":13},"end":{"line":341,"column":32}},{"start":{"line":341,"column":36},"end":{"line":341,"column":40}}],"line":341},"39":{"loc":{"start":{"line":342,"column":12},"end":{"line":342,"column":36}},"type":"binary-expr","locations":[{"start":{"line":342,"column":12},"end":{"line":342,"column":30}},{"start":{"line":342,"column":34},"end":{"line":342,"column":36}}],"line":342},"40":{"loc":{"start":{"line":355,"column":15},"end":{"line":355,"column":42}},"type":"binary-expr","locations":[{"start":{"line":355,"column":15},"end":{"line":355,"column":34}},{"start":{"line":355,"column":38},"end":{"line":355,"column":42}}],"line":355},"41":{"loc":{"start":{"line":356,"column":14},"end":{"line":356,"column":38}},"type":"binary-expr","locations":[{"start":{"line":356,"column":14},"end":{"line":356,"column":32}},{"start":{"line":356,"column":36},"end":{"line":356,"column":38}}],"line":356},"42":{"loc":{"start":{"line":398,"column":18},"end":{"line":398,"column":43}},"type":"binary-expr","locations":[{"start":{"line":398,"column":18},"end":{"line":398,"column":38}},{"start":{"line":398,"column":42},"end":{"line":398,"column":43}}],"line":398}},"s":{"0":1,"1":1,"2":1,"3":1,"4":1,"5":1,"6":7,"7":7,"8":7,"9":7,"10":1,"11":7,"12":1,"13":7,"14":3,"15":3,"16":2,"17":3,"18":2,"19":7,"20":6,"21":6,"22":6,"23":6,"24":6,"25":6,"26":1,"27":1,"28":1,"29":7,"30":7,"31":7,"32":7,"33":1,"34":7,"35":1,"36":7,"37":3,"38":3,"39":2,"40":3,"41":2,"42":7,"43":6,"44":1,"45":1,"46":1,"47":4,"48":4,"49":3,"50":2,"51":2,"52":1,"53":1,"54":1,"55":1,"56":1,"57":1,"58":5,"59":5,"60":5,"61":1,"62":4,"63":3,"64":1,"65":2,"66":2,"67":2,"68":2,"69":2,"70":2,"71":1,"72":1,"73":1,"74":1,"75":5,"76":5,"77":5,"78":1,"79":4,"80":3,"81":1,"82":2,"83":2,"84":2,"85":2,"86":2,"87":2,"88":1,"89":1,"90":1,"91":1,"92":10,"93":10,"94":10,"95":10,"96":1,"97":10,"98":1,"99":10,"100":3,"101":3,"102":2,"103":3,"104":2,"105":10,"106":9,"107":9,"108":11,"109":11,"110":9,"111":9,"112":9,"113":1,"114":1,"115":1,"116":1,"117":5,"118":5,"119":55,"120":11,"121":44,"122":44,"123":3,"124":41,"125":1,"126":2,"127":2,"128":2,"129":1,"130":1,"131":1,"132":1,"133":1,"134":1,"135":3,"136":3,"137":2,"138":1,"139":1,"140":1,"141":1,"142":1,"143":1,"144":1,"145":2,"146":2,"147":2,"148":1,"149":1,"150":1,"151":1,"152":1,"153":1,"154":1,"155":1,"156":1,"157":1,"158":2,"159":2,"160":2,"161":1,"162":1,"163":1,"164":1,"165":1,"166":11,"167":11,"168":11,"169":11,"170":11,"171":11,"172":11,"173":8,"174":8,"175":8,"176":10,"177":10,"178":3,"179":3,"180":1},"f":{"0":7,"1":7,"2":4,"3":5,"4":5,"5":10,"6":11,"7":5,"8":55,"9":2,"10":3,"11":2,"12":1,"13":2,"14":11,"15":10},"b":{"0":[1,6],"1":[1,6],"2":[3,4],"3":[7,5],"4":[2,1],"5":[2,1],"6":[6,6],"7":[6,6],"8":[1,6],"9":[1,6],"10":[3,4],"11":[7,5],"12":[2,1],"13":[2,1],"14":[2,1],"15":[1,4],"16":[5,4],"17":[1,2],"18":[2,1],"19":[2,1],"20":[1,4],"21":[5,4],"22":[1,2],"23":[2,1],"24":[2,1],"25":[1,9],"26":[1,9],"27":[3,7],"28":[10,8],"29":[2,1],"30":[2,1],"31":[6,5],"32":[4,7],"33":[11,44],"34":[55,44],"35":[3,41],"36":[44,42,41],"37":[1,1],"38":[1,1],"39":[1,1],"40":[1,1],"41":[1,1],"42":[8,1]},"_coverageSchema":"1a1c01bbd47fc00a2c39e90264f33305004495a9","hash":"3edc24717a727dbdb3fc3eea7513bc5f96de6b12"}
,"D:\\tutor-application\\src\\routes\\authRoutes.js": {"path":"D:\\tutor-application\\src\\routes\\authRoutes.js","statementMap":{"0":{"start":{"line":2,"column":16},"end":{"line":2,"column":34}},"1":{"start":{"line":3,"column":17},"end":{"line":3,"column":36}},"2":{"start":{"line":4,"column":15},"end":{"line":4,"column":31}},"3":{"start":{"line":7,"column":0},"end":{"line":7,"column":88}},"4":{"start":{"line":10,"column":0},"end":{"line":16,"column":2}},"5":{"start":{"line":14,"column":4},"end":{"line":14,"column":27}},"6":{"start":{"line":19,"column":0},"end":{"line":23,"column":3}},"7":{"start":{"line":20,"column":2},"end":{"line":22,"column":5}},"8":{"start":{"line":21,"column":4},"end":{"line":21,"column":22}},"9":{"start":{"line":25,"column":0},"end":{"line":25,"column":24}}},"fnMap":{"0":{"name":"(anonymous_0)","decl":{"start":{"line":13,"column":2},"end":{"line":13,"column":3}},"loc":{"start":{"line":13,"column":16},"end":{"line":15,"column":3}},"line":13},"1":{"name":"(anonymous_1)","decl":{"start":{"line":19,"column":22},"end":{"line":19,"column":23}},"loc":{"start":{"line":19,"column":36},"end":{"line":23,"column":1}},"line":19},"2":{"name":"(anonymous_2)","decl":{"start":{"line":20,"column":13},"end":{"line":20,"column":14}},"loc":{"start":{"line":20,"column":23},"end":{"line":22,"column":3}},"line":20}},"branchMap":{},"s":{"0":2,"1":2,"2":2,"3":2,"4":2,"5":2,"6":2,"7":2,"8":2,"9":2},"f":{"0":2,"1":2,"2":2},"b":{},"_coverageSchema":"1a1c01bbd47fc00a2c39e90264f33305004495a9","hash":"2f7c24a407e88172f79ddeeba54bde27a65b9dbc"}
,"D:\\tutor-application\\src\\routes\\tutorRoutes.js": {"path":"D:\\tutor-application\\src\\routes\\tutorRoutes.js","statementMap":{"0":{"start":{"line":1,"column":16},"end":{"line":1,"column":34}},"1":{"start":{"line":2,"column":15},"end":{"line":2,"column":31}},"2":{"start":{"line":3,"column":21},"end":{"line":3,"column":54}},"3":{"start":{"line":4,"column":29},"end":{"line":4,"column":55}},"4":{"start":{"line":5,"column":37},"end":{"line":5,"column":66}},"5":{"start":{"line":6,"column":33},"end":{"line":6,"column":68}},"6":{"start":{"line":9,"column":0},"end":{"line":21,"column":3}},"7":{"start":{"line":10,"column":2},"end":{"line":20,"column":3}},"8":{"start":{"line":12,"column":26},"end":{"line":12,"column":95}},"9":{"start":{"line":13,"column":19},"end":{"line":13,"column":43}},"10":{"start":{"line":14,"column":4},"end":{"line":14,"column":30}},"11":{"start":{"line":16,"column":4},"end":{"line":16,"column":71}},"12":{"start":{"line":18,"column":4},"end":{"line":18,"column":59}},"13":{"start":{"line":19,"column":4},"end":{"line":19,"column":79}},"14":{"start":{"line":24,"column":0},"end":{"line":47,"column":3}},"15":{"start":{"line":25,"column":49},"end":{"line":25,"column":57}},"16":{"start":{"line":28,"column":21},"end":{"line":37,"column":4}},"17":{"start":{"line":39,"column":2},"end":{"line":46,"column":3}},"18":{"start":{"line":40,"column":4},"end":{"line":40,"column":28}},"19":{"start":{"line":41,"column":4},"end":{"line":41,"column":39}},"20":{"start":{"line":43,"column":4},"end":{"line":43,"column":48}},"21":{"start":{"line":44,"column":4},"end":{"line":44,"column":69}},"22":{"start":{"line":45,"column":4},"end":{"line":45,"column":27}},"23":{"start":{"line":50,"column":0},"end":{"line":77,"column":3}},"24":{"start":{"line":51,"column":2},"end":{"line":76,"column":3}},"25":{"start":{"line":52,"column":20},"end":{"line":55,"column":6}},"26":{"start":{"line":57,"column":4},"end":{"line":59,"column":5}},"27":{"start":{"line":58,"column":6},"end":{"line":58,"column":66}},"28":{"start":{"line":61,"column":4},"end":{"line":63,"column":5}},"29":{"start":{"line":62,"column":6},"end":{"line":62,"column":85}},"30":{"start":{"line":65,"column":4},"end":{"line":65,"column":33}},"31":{"start":{"line":66,"column":4},"end":{"line":66,"column":25}},"32":{"start":{"line":69,"column":4},"end":{"line":69,"column":86}},"33":{"start":{"line":69,"column":45},"end":{"line":69,"column":84}},"34":{"start":{"line":71,"column":4},"end":{"line":71,"column":39}},"35":{"start":{"line":73,"column":4},"end":{"line":73,"column":52}},"36":{"start":{"line":74,"column":4},"end":{"line":74,"column":73}},"37":{"start":{"line":75,"column":4},"end":{"line":75,"column":27}},"38":{"start":{"line":80,"column":0},"end":{"line":113,"column":2}},"39":{"start":{"line":86,"column":51},"end":{"line":86,"column":59}},"40":{"start":{"line":88,"column":4},"end":{"line":111,"column":5}},"41":{"start":{"line":89,"column":22},"end":{"line":93,"column":8}},"42":{"start":{"line":95,"column":6},"end":{"line":97,"column":7}},"43":{"start":{"line":96,"column":8},"end":{"line":96,"column":88}},"44":{"start":{"line":100,"column":6},"end":{"line":100,"column":36}},"45":{"start":{"line":101,"column":6},"end":{"line":101,"column":34}},"46":{"start":{"line":102,"column":6},"end":{"line":102,"column":40}},"47":{"start":{"line":103,"column":6},"end":{"line":103,"column":28}},"48":{"start":{"line":105,"column":6},"end":{"line":105,"column":27}},"49":{"start":{"line":106,"column":6},"end":{"line":106,"column":41}},"50":{"start":{"line":108,"column":6},"end":{"line":108,"column":52}},"51":{"start":{"line":109,"column":6},"end":{"line":109,"column":73}},"52":{"start":{"line":110,"column":6},"end":{"line":110,"column":29}},"53":{"start":{"line":116,"column":0},"end":{"line":138,"column":3}},"54":{"start":{"line":117,"column":2},"end":{"line":137,"column":3}},"55":{"start":{"line":118,"column":20},"end":{"line":121,"column":6}},"56":{"start":{"line":123,"column":4},"end":{"line":125,"column":5}},"57":{"start":{"line":124,"column":6},"end":{"line":124,"column":66}},"58":{"start":{"line":127,"column":4},"end":{"line":129,"column":5}},"59":{"start":{"line":128,"column":6},"end":{"line":128,"column":83}},"60":{"start":{"line":131,"column":4},"end":{"line":131,"column":57}},"61":{"start":{"line":132,"column":4},"end":{"line":132,"column":39}},"62":{"start":{"line":134,"column":4},"end":{"line":134,"column":50}},"63":{"start":{"line":135,"column":4},"end":{"line":135,"column":71}},"64":{"start":{"line":136,"column":4},"end":{"line":136,"column":27}},"65":{"start":{"line":140,"column":0},"end":{"line":140,"column":24}}},"fnMap":{"0":{"name":"(anonymous_0)","decl":{"start":{"line":9,"column":42},"end":{"line":9,"column":43}},"loc":{"start":{"line":9,"column":62},"end":{"line":21,"column":1}},"line":9},"1":{"name":"(anonymous_1)","decl":{"start":{"line":24,"column":72},"end":{"line":24,"column":73}},"loc":{"start":{"line":24,"column":92},"end":{"line":47,"column":1}},"line":24},"2":{"name":"(anonymous_2)","decl":{"start":{"line":50,"column":61},"end":{"line":50,"column":62}},"loc":{"start":{"line":50,"column":81},"end":{"line":77,"column":1}},"line":50},"3":{"name":"(anonymous_3)","decl":{"start":{"line":69,"column":36},"end":{"line":69,"column":37}},"loc":{"start":{"line":69,"column":45},"end":{"line":69,"column":84}},"line":69},"4":{"name":"(anonymous_4)","decl":{"start":{"line":85,"column":2},"end":{"line":85,"column":3}},"loc":{"start":{"line":85,"column":22},"end":{"line":112,"column":3}},"line":85},"5":{"name":"(anonymous_5)","decl":{"start":{"line":116,"column":61},"end":{"line":116,"column":62}},"loc":{"start":{"line":116,"column":81},"end":{"line":138,"column":1}},"line":116}},"branchMap":{"0":{"loc":{"start":{"line":13,"column":19},"end":{"line":13,"column":43}},"type":"binary-expr","locations":[{"start":{"line":13,"column":19},"end":{"line":13,"column":37}},{"start":{"line":13,"column":41},"end":{"line":13,"column":43}}],"line":13},"1":{"loc":{"start":{"line":57,"column":4},"end":{"line":59,"column":5}},"type":"if","locations":[{"start":{"line":57,"column":4},"end":{"line":59,"column":5}},{"start":{},"end":{}}],"line":57},"2":{"loc":{"start":{"line":61,"column":4},"end":{"line":63,"column":5}},"type":"if","locations":[{"start":{"line":61,"column":4},"end":{"line":63,"column":5}},{"start":{},"end":{}}],"line":61},"3":{"loc":{"start":{"line":95,"column":6},"end":{"line":97,"column":7}},"type":"if","locations":[{"start":{"line":95,"column":6},"end":{"line":97,"column":7}},{"start":{},"end":{}}],"line":95},"4":{"loc":{"start":{"line":123,"column":4},"end":{"line":125,"column":5}},"type":"if","locations":[{"start":{"line":123,"column":4},"end":{"line":125,"column":5}},{"start":{},"end":{}}],"line":123},"5":{"loc":{"start":{"line":127,"column":4},"end":{"line":129,"column":5}},"type":"if","locations":[{"start":{"line":127,"column":4},"end":{"line":129,"column":5}},{"start":{},"end":{}}],"line":127}},"s":{"0":1,"1":1,"2":1,"3":1,"4":1,"5":1,"6":1,"7":3,"8":3,"9":2,"10":2,"11":2,"12":1,"13":1,"14":1,"15":2,"16":2,"17":2,"18":2,"19":1,"20":1,"21":1,"22":1,"23":1,"24":5,"25":5,"26":4,"27":1,"28":3,"29":1,"30":2,"31":2,"32":2,"33":1,"34":2,"35":1,"36":1,"37":1,"38":1,"39":4,"40":4,"41":4,"42":3,"43":2,"44":1,"45":1,"46":1,"47":1,"48":1,"49":1,"50":1,"51":1,"52":1,"53":1,"54":4,"55":4,"56":3,"57":1,"58":2,"59":1,"60":1,"61":1,"62":1,"63":1,"64":1,"65":1},"f":{"0":3,"1":2,"2":5,"3":1,"4":4,"5":4},"b":{"0":[2,2],"1":[1,3],"2":[1,2],"3":[2,1],"4":[1,2],"5":[1,1]},"_coverageSchema":"1a1c01bbd47fc00a2c39e90264f33305004495a9","hash":"d2358e338289ea2ad72271fa7b3b741695383c5e"}
}
