{"D:\\Tutor-Application--main\\src\\emailService.js": {"path":"D:\\Tutor-Application--main\\src\\emailService.js","statementMap":{"0":{"start":{"line":2,"column":19},"end":{"line":2,"column":40}},"1":{"start":{"line":4,"column":20},"end":{"line":10,"column":2}},"2":{"start":{"line":14,"column":22},"end":{"line":24,"column":3}},"3":{"start":{"line":26,"column":2},"end":{"line":32,"column":5}},"4":{"start":{"line":27,"column":4},"end":{"line":31,"column":5}},"5":{"start":{"line":28,"column":6},"end":{"line":28,"column":49}},"6":{"start":{"line":30,"column":6},"end":{"line":30,"column":50}},"7":{"start":{"line":36,"column":0},"end":{"line":36,"column":38}}},"fnMap":{"0":{"name":"sendEmailToAdmin","decl":{"start":{"line":13,"column":9},"end":{"line":13,"column":25}},"loc":{"start":{"line":13,"column":42},"end":{"line":33,"column":1}},"line":13},"1":{"name":"(anonymous_1)","decl":{"start":{"line":26,"column":36},"end":{"line":26,"column":37}},"loc":{"start":{"line":26,"column":53},"end":{"line":32,"column":3}},"line":26}},"branchMap":{"0":{"loc":{"start":{"line":27,"column":4},"end":{"line":31,"column":5}},"type":"if","locations":[{"start":{"line":27,"column":4},"end":{"line":31,"column":5}},{"start":{"line":29,"column":11},"end":{"line":31,"column":5}}],"line":27}},"s":{"0":0,"1":0,"2":0,"3":0,"4":0,"5":0,"6":0,"7":0},"f":{"0":0,"1":0},"b":{"0":[0,0]}}
,"D:\\Tutor-Application--main\\src\\middleware\\auth.js": {"path":"D:\\Tutor-Application--main\\src\\middleware\\auth.js","statementMap":{"0":{"start":{"line":8,"column":2},"end":{"line":10,"column":3}},"1":{"start":{"line":9,"column":4},"end":{"line":9,"column":18}},"2":{"start":{"line":11,"column":2},"end":{"line":11,"column":20}},"3":{"start":{"line":18,"column":2},"end":{"line":20,"column":3}},"4":{"start":{"line":19,"column":4},"end":{"line":19,"column":18}},"5":{"start":{"line":23,"column":2},"end":{"line":26,"column":5}},"6":{"start":{"line":33,"column":2},"end":{"line":35,"column":3}},"7":{"start":{"line":34,"column":4},"end":{"line":34,"column":18}},"8":{"start":{"line":38,"column":2},"end":{"line":41,"column":5}},"9":{"start":{"line":48,"column":2},"end":{"line":54,"column":3}},"10":{"start":{"line":49,"column":4},"end":{"line":49,"column":51}},"11":{"start":{"line":50,"column":4},"end":{"line":50,"column":80}},"12":{"start":{"line":52,"column":4},"end":{"line":52,"column":31}},"13":{"start":{"line":53,"column":4},"end":{"line":53,"column":31}},"14":{"start":{"line":55,"column":2},"end":{"line":55,"column":37}},"15":{"start":{"line":56,"column":2},"end":{"line":56,"column":9}},"16":{"start":{"line":59,"column":0},"end":{"line":64,"column":2}}},"fnMap":{"0":{"name":"isAuthenticated","decl":{"start":{"line":7,"column":9},"end":{"line":7,"column":24}},"loc":{"start":{"line":7,"column":41},"end":{"line":12,"column":1}},"line":7},"1":{"name":"isAdmin","decl":{"start":{"line":17,"column":9},"end":{"line":17,"column":16}},"loc":{"start":{"line":17,"column":33},"end":{"line":27,"column":1}},"line":17},"2":{"name":"isTutor","decl":{"start":{"line":32,"column":9},"end":{"line":32,"column":16}},"loc":{"start":{"line":32,"column":33},"end":{"line":42,"column":1}},"line":32},"3":{"name":"attachUserRole","decl":{"start":{"line":47,"column":9},"end":{"line":47,"column":23}},"loc":{"start":{"line":47,"column":40},"end":{"line":57,"column":1}},"line":47}},"branchMap":{"0":{"loc":{"start":{"line":8,"column":2},"end":{"line":10,"column":3}},"type":"if","locations":[{"start":{"line":8,"column":2},"end":{"line":10,"column":3}},{"start":{},"end":{}}],"line":8},"1":{"loc":{"start":{"line":18,"column":2},"end":{"line":20,"column":3}},"type":"if","locations":[{"start":{"line":18,"column":2},"end":{"line":20,"column":3}},{"start":{},"end":{}}],"line":18},"2":{"loc":{"start":{"line":18,"column":6},"end":{"line":18,"column":68}},"type":"binary-expr","locations":[{"start":{"line":18,"column":6},"end":{"line":18,"column":27}},{"start":{"line":18,"column":31},"end":{"line":18,"column":39}},{"start":{"line":18,"column":43},"end":{"line":18,"column":68}}],"line":18},"3":{"loc":{"start":{"line":33,"column":2},"end":{"line":35,"column":3}},"type":"if","locations":[{"start":{"line":33,"column":2},"end":{"line":35,"column":3}},{"start":{},"end":{}}],"line":33},"4":{"loc":{"start":{"line":33,"column":6},"end":{"line":33,"column":99}},"type":"binary-expr","locations":[{"start":{"line":33,"column":6},"end":{"line":33,"column":27}},{"start":{"line":33,"column":31},"end":{"line":33,"column":39}},{"start":{"line":33,"column":44},"end":{"line":33,"column":69}},{"start":{"line":33,"column":73},"end":{"line":33,"column":98}}],"line":33},"5":{"loc":{"start":{"line":48,"column":2},"end":{"line":54,"column":3}},"type":"if","locations":[{"start":{"line":48,"column":2},"end":{"line":54,"column":3}},{"start":{"line":51,"column":9},"end":{"line":54,"column":3}}],"line":48},"6":{"loc":{"start":{"line":50,"column":25},"end":{"line":50,"column":79}},"type":"binary-expr","locations":[{"start":{"line":50,"column":25},"end":{"line":50,"column":50}},{"start":{"line":50,"column":54},"end":{"line":50,"column":79}}],"line":50},"7":{"loc":{"start":{"line":55,"column":20},"end":{"line":55,"column":36}},"type":"binary-expr","locations":[{"start":{"line":55,"column":20},"end":{"line":55,"column":28}},{"start":{"line":55,"column":32},"end":{"line":55,"column":36}}],"line":55}},"s":{"0":2,"1":1,"2":1,"3":3,"4":1,"5":2,"6":3,"7":2,"8":1,"9":3,"10":2,"11":2,"12":1,"13":1,"14":3,"15":3,"16":1},"f":{"0":2,"1":3,"2":3,"3":3},"b":{"0":[1,1],"1":[1,2],"2":[3,2,2],"3":[2,1],"4":[3,2,2,1],"5":[2,1],"6":[2,1],"7":[3,1]},"_coverageSchema":"1a1c01bbd47fc00a2c39e90264f33305004495a9","hash":"7327d5c554a0fc238c66e210f6807d44160538c1"}
,"D:\\Tutor-Application--main\\src\\middleware\\validation.js": {"path":"D:\\Tutor-Application--main\\src\\middleware\\validation.js","statementMap":{"0":{"start":{"line":8,"column":49},"end":{"line":8,"column":57}},"1":{"start":{"line":9,"column":17},"end":{"line":9,"column":19}},"2":{"start":{"line":12,"column":2},"end":{"line":25,"column":3}},"3":{"start":{"line":13,"column":4},"end":{"line":13,"column":36}},"4":{"start":{"line":15,"column":24},"end":{"line":15,"column":38}},"5":{"start":{"line":16,"column":4},"end":{"line":18,"column":5}},"6":{"start":{"line":17,"column":6},"end":{"line":17,"column":41}},"7":{"start":{"line":20,"column":21},"end":{"line":20,"column":31}},"8":{"start":{"line":21,"column":4},"end":{"line":21,"column":45}},"9":{"start":{"line":22,"column":4},"end":{"line":24,"column":5}},"10":{"start":{"line":23,"column":6},"end":{"line":23,"column":50}},"11":{"start":{"line":28,"column":2},"end":{"line":34,"column":3}},"12":{"start":{"line":29,"column":4},"end":{"line":29,"column":40}},"13":{"start":{"line":30,"column":9},"end":{"line":34,"column":3}},"14":{"start":{"line":31,"column":4},"end":{"line":31,"column":58}},"15":{"start":{"line":32,"column":9},"end":{"line":34,"column":3}},"16":{"start":{"line":33,"column":4},"end":{"line":33,"column":59}},"17":{"start":{"line":37,"column":2},"end":{"line":43,"column":3}},"18":{"start":{"line":38,"column":4},"end":{"line":38,"column":43}},"19":{"start":{"line":39,"column":9},"end":{"line":43,"column":3}},"20":{"start":{"line":40,"column":4},"end":{"line":40,"column":62}},"21":{"start":{"line":41,"column":9},"end":{"line":43,"column":3}},"22":{"start":{"line":42,"column":4},"end":{"line":42,"column":63}},"23":{"start":{"line":46,"column":19},"end":{"line":46,"column":36}},"24":{"start":{"line":47,"column":2},"end":{"line":55,"column":3}},"25":{"start":{"line":48,"column":4},"end":{"line":48,"column":58}},"26":{"start":{"line":49,"column":9},"end":{"line":55,"column":3}},"27":{"start":{"line":50,"column":4},"end":{"line":50,"column":46}},"28":{"start":{"line":51,"column":9},"end":{"line":55,"column":3}},"29":{"start":{"line":52,"column":4},"end":{"line":52,"column":42}},"30":{"start":{"line":53,"column":9},"end":{"line":55,"column":3}},"31":{"start":{"line":54,"column":4},"end":{"line":54,"column":76}},"32":{"start":{"line":58,"column":2},"end":{"line":61,"column":3}},"33":{"start":{"line":59,"column":4},"end":{"line":59,"column":32}},"34":{"start":{"line":60,"column":4},"end":{"line":60,"column":34}},"35":{"start":{"line":64,"column":2},"end":{"line":64,"column":38}},"36":{"start":{"line":65,"column":2},"end":{"line":65,"column":44}},"37":{"start":{"line":66,"column":2},"end":{"line":66,"column":28}},"38":{"start":{"line":68,"column":2},"end":{"line":68,"column":9}},"39":{"start":{"line":75,"column":27},"end":{"line":75,"column":35}},"40":{"start":{"line":76,"column":17},"end":{"line":76,"column":19}},"41":{"start":{"line":79,"column":2},"end":{"line":81,"column":3}},"42":{"start":{"line":80,"column":4},"end":{"line":80,"column":68}},"43":{"start":{"line":84,"column":2},"end":{"line":86,"column":3}},"44":{"start":{"line":85,"column":4},"end":{"line":85,"column":63}},"45":{"start":{"line":89,"column":2},"end":{"line":92,"column":3}},"46":{"start":{"line":90,"column":4},"end":{"line":90,"column":32}},"47":{"start":{"line":91,"column":4},"end":{"line":91,"column":32}},"48":{"start":{"line":95,"column":2},"end":{"line":97,"column":3}},"49":{"start":{"line":96,"column":4},"end":{"line":96,"column":32}},"50":{"start":{"line":99,"column":2},"end":{"line":99,"column":9}},"51":{"start":{"line":102,"column":0},"end":{"line":105,"column":2}}},"fnMap":{"0":{"name":"validateTutorSession","decl":{"start":{"line":7,"column":9},"end":{"line":7,"column":29}},"loc":{"start":{"line":7,"column":46},"end":{"line":69,"column":1}},"line":7},"1":{"name":"validateAdminReview","decl":{"start":{"line":74,"column":9},"end":{"line":74,"column":28}},"loc":{"start":{"line":74,"column":45},"end":{"line":100,"column":1}},"line":74}},"branchMap":{"0":{"loc":{"start":{"line":12,"column":2},"end":{"line":25,"column":3}},"type":"if","locations":[{"start":{"line":12,"column":2},"end":{"line":25,"column":3}},{"start":{"line":14,"column":9},"end":{"line":25,"column":3}}],"line":12},"1":{"loc":{"start":{"line":16,"column":4},"end":{"line":18,"column":5}},"type":"if","locations":[{"start":{"line":16,"column":4},"end":{"line":18,"column":5}},{"start":{},"end":{}}],"line":16},"2":{"loc":{"start":{"line":22,"column":4},"end":{"line":24,"column":5}},"type":"if","locations":[{"start":{"line":22,"column":4},"end":{"line":24,"column":5}},{"start":{},"end":{}}],"line":22},"3":{"loc":{"start":{"line":28,"column":2},"end":{"line":34,"column":3}},"type":"if","locations":[{"start":{"line":28,"column":2},"end":{"line":34,"column":3}},{"start":{"line":30,"column":9},"end":{"line":34,"column":3}}],"line":28},"4":{"loc":{"start":{"line":28,"column":6},"end":{"line":28,"column":47}},"type":"binary-expr","locations":[{"start":{"line":28,"column":6},"end":{"line":28,"column":15}},{"start":{"line":28,"column":19},"end":{"line":28,"column":47}}],"line":28},"5":{"loc":{"start":{"line":30,"column":9},"end":{"line":34,"column":3}},"type":"if","locations":[{"start":{"line":30,"column":9},"end":{"line":34,"column":3}},{"start":{"line":32,"column":9},"end":{"line":34,"column":3}}],"line":30},"6":{"loc":{"start":{"line":32,"column":9},"end":{"line":34,"column":3}},"type":"if","locations":[{"start":{"line":32,"column":9},"end":{"line":34,"column":3}},{"start":{},"end":{}}],"line":32},"7":{"loc":{"start":{"line":37,"column":2},"end":{"line":43,"column":3}},"type":"if","locations":[{"start":{"line":37,"column":2},"end":{"line":43,"column":3}},{"start":{"line":39,"column":9},"end":{"line":43,"column":3}}],"line":37},"8":{"loc":{"start":{"line":37,"column":6},"end":{"line":37,"column":53}},"type":"binary-expr","locations":[{"start":{"line":37,"column":6},"end":{"line":37,"column":18}},{"start":{"line":37,"column":22},"end":{"line":37,"column":53}}],"line":37},"9":{"loc":{"start":{"line":39,"column":9},"end":{"line":43,"column":3}},"type":"if","locations":[{"start":{"line":39,"column":9},"end":{"line":43,"column":3}},{"start":{"line":41,"column":9},"end":{"line":43,"column":3}}],"line":39},"10":{"loc":{"start":{"line":41,"column":9},"end":{"line":43,"column":3}},"type":"if","locations":[{"start":{"line":41,"column":9},"end":{"line":43,"column":3}},{"start":{},"end":{}}],"line":41},"11":{"loc":{"start":{"line":47,"column":2},"end":{"line":55,"column":3}},"type":"if","locations":[{"start":{"line":47,"column":2},"end":{"line":55,"column":3}},{"start":{"line":49,"column":9},"end":{"line":55,"column":3}}],"line":47},"12":{"loc":{"start":{"line":47,"column":6},"end":{"line":47,"column":31}},"type":"binary-expr","locations":[{"start":{"line":47,"column":6},"end":{"line":47,"column":12}},{"start":{"line":47,"column":16},"end":{"line":47,"column":31}}],"line":47},"13":{"loc":{"start":{"line":49,"column":9},"end":{"line":55,"column":3}},"type":"if","locations":[{"start":{"line":49,"column":9},"end":{"line":55,"column":3}},{"start":{"line":51,"column":9},"end":{"line":55,"column":3}}],"line":49},"14":{"loc":{"start":{"line":51,"column":9},"end":{"line":55,"column":3}},"type":"if","locations":[{"start":{"line":51,"column":9},"end":{"line":55,"column":3}},{"start":{"line":53,"column":9},"end":{"line":55,"column":3}}],"line":51},"15":{"loc":{"start":{"line":53,"column":9},"end":{"line":55,"column":3}},"type":"if","locations":[{"start":{"line":53,"column":9},"end":{"line":55,"column":3}},{"start":{},"end":{}}],"line":53},"16":{"loc":{"start":{"line":58,"column":2},"end":{"line":61,"column":3}},"type":"if","locations":[{"start":{"line":58,"column":2},"end":{"line":61,"column":3}},{"start":{},"end":{}}],"line":58},"17":{"loc":{"start":{"line":79,"column":2},"end":{"line":81,"column":3}},"type":"if","locations":[{"start":{"line":79,"column":2},"end":{"line":81,"column":3}},{"start":{},"end":{}}],"line":79},"18":{"loc":{"start":{"line":79,"column":6},"end":{"line":79,"column":59}},"type":"binary-expr","locations":[{"start":{"line":79,"column":6},"end":{"line":79,"column":13}},{"start":{"line":79,"column":17},"end":{"line":79,"column":59}}],"line":79},"19":{"loc":{"start":{"line":84,"column":2},"end":{"line":86,"column":3}},"type":"if","locations":[{"start":{"line":84,"column":2},"end":{"line":86,"column":3}},{"start":{},"end":{}}],"line":84},"20":{"loc":{"start":{"line":84,"column":6},"end":{"line":84,"column":39}},"type":"binary-expr","locations":[{"start":{"line":84,"column":6},"end":{"line":84,"column":10}},{"start":{"line":84,"column":14},"end":{"line":84,"column":39}}],"line":84},"21":{"loc":{"start":{"line":89,"column":2},"end":{"line":92,"column":3}},"type":"if","locations":[{"start":{"line":89,"column":2},"end":{"line":92,"column":3}},{"start":{},"end":{}}],"line":89},"22":{"loc":{"start":{"line":95,"column":2},"end":{"line":97,"column":3}},"type":"if","locations":[{"start":{"line":95,"column":2},"end":{"line":97,"column":3}},{"start":{},"end":{}}],"line":95}},"s":{"0":13,"1":13,"2":13,"3":1,"4":12,"5":12,"6":1,"7":12,"8":12,"9":12,"10":1,"11":13,"12":1,"13":12,"14":1,"15":11,"16":1,"17":13,"18":1,"19":12,"20":1,"21":11,"22":0,"23":13,"24":13,"25":0,"26":13,"27":1,"28":12,"29":1,"30":11,"31":1,"32":13,"33":11,"34":11,"35":2,"36":2,"37":2,"38":2,"39":5,"40":5,"41":5,"42":1,"43":5,"44":1,"45":5,"46":2,"47":2,"48":3,"49":3,"50":3,"51":1},"f":{"0":13,"1":5},"b":{"0":[1,12],"1":[1,11],"2":[1,11],"3":[1,12],"4":[13,12],"5":[1,11],"6":[1,10],"7":[1,12],"8":[13,12],"9":[1,11],"10":[0,11],"11":[0,13],"12":[13,13],"13":[1,12],"14":[1,11],"15":[1,10],"16":[11,2],"17":[1,4],"18":[5,5],"19":[1,4],"20":[5,5],"21":[2,3],"22":[3,0]},"_coverageSchema":"1a1c01bbd47fc00a2c39e90264f33305004495a9","hash":"dbf5c45b2ab6debf71db3ab60a2998546b283cbd"}
,"D:\\Tutor-Application--main\\src\\models\\AdminReviewLog.js": {"path":"D:\\Tutor-Application--main\\src\\models\\AdminReviewLog.js","statementMap":{"0":{"start":{"line":2,"column":17},"end":{"line":2,"column":36}},"1":{"start":{"line":5,"column":29},"end":{"line":39,"column":2}},"2":{"start":{"line":42,"column":0},"end":{"line":42,"column":59}},"3":{"start":{"line":43,"column":0},"end":{"line":43,"column":59}},"4":{"start":{"line":45,"column":23},"end":{"line":45,"column":77}},"5":{"start":{"line":47,"column":0},"end":{"line":47,"column":32}}},"fnMap":{},"branchMap":{},"s":{"0":1,"1":1,"2":1,"3":1,"4":1,"5":1},"f":{},"b":{},"_coverageSchema":"1a1c01bbd47fc00a2c39e90264f33305004495a9","hash":"1966ff21d62cc0cccbeda060f9d686f55e6f4607"}
,"D:\\Tutor-Application--main\\src\\models\\TutorSession.js": {"path":"D:\\Tutor-Application--main\\src\\models\\TutorSession.js","statementMap":{"0":{"start":{"line":2,"column":17},"end":{"line":2,"column":36}},"1":{"start":{"line":5,"column":27},"end":{"line":64,"column":2}},"2":{"start":{"line":67,"column":0},"end":{"line":81,"column":3}},"3":{"start":{"line":68,"column":2},"end":{"line":68,"column":31}},"4":{"start":{"line":71,"column":2},"end":{"line":73,"column":3}},"5":{"start":{"line":72,"column":4},"end":{"line":72,"column":35}},"6":{"start":{"line":76,"column":2},"end":{"line":78,"column":3}},"7":{"start":{"line":77,"column":4},"end":{"line":77,"column":34}},"8":{"start":{"line":80,"column":2},"end":{"line":80,"column":9}},"9":{"start":{"line":84,"column":0},"end":{"line":84,"column":62}},"10":{"start":{"line":86,"column":21},"end":{"line":86,"column":71}},"11":{"start":{"line":88,"column":0},"end":{"line":88,"column":30}}},"fnMap":{"0":{"name":"(anonymous_0)","decl":{"start":{"line":67,"column":31},"end":{"line":67,"column":32}},"loc":{"start":{"line":67,"column":46},"end":{"line":81,"column":1}},"line":67}},"branchMap":{"0":{"loc":{"start":{"line":71,"column":2},"end":{"line":73,"column":3}},"type":"if","locations":[{"start":{"line":71,"column":2},"end":{"line":73,"column":3}},{"start":{},"end":{}}],"line":71},"1":{"loc":{"start":{"line":71,"column":6},"end":{"line":71,"column":84}},"type":"binary-expr","locations":[{"start":{"line":71,"column":6},"end":{"line":71,"column":31}},{"start":{"line":71,"column":35},"end":{"line":71,"column":62}},{"start":{"line":71,"column":66},"end":{"line":71,"column":84}}],"line":71},"2":{"loc":{"start":{"line":76,"column":2},"end":{"line":78,"column":3}},"type":"if","locations":[{"start":{"line":76,"column":2},"end":{"line":78,"column":3}},{"start":{},"end":{}}],"line":76},"3":{"loc":{"start":{"line":76,"column":6},"end":{"line":76,"column":114}},"type":"binary-expr","locations":[{"start":{"line":76,"column":6},"end":{"line":76,"column":31}},{"start":{"line":76,"column":36},"end":{"line":76,"column":62}},{"start":{"line":76,"column":66},"end":{"line":76,"column":92}},{"start":{"line":76,"column":97},"end":{"line":76,"column":114}}],"line":76}},"s":{"0":2,"1":2,"2":2,"3":27,"4":27,"5":12,"6":27,"7":4,"8":27,"9":2,"10":2,"11":2},"f":{"0":27},"b":{"0":[12,15],"1":[27,19,12],"2":[4,23],"3":[27,19,17,4]},"_coverageSchema":"1a1c01bbd47fc00a2c39e90264f33305004495a9","hash":"0fe2b9f47f66a2b29cc08749a4e120a272c32807"}
,"D:\\Tutor-Application--main\\src\\models\\User.js": {"path":"D:\\Tutor-Application--main\\src\\models\\User.js","statementMap":{"0":{"start":{"line":2,"column":17},"end":{"line":2,"column":36}},"1":{"start":{"line":5,"column":19},"end":{"line":41,"column":2}},"2":{"start":{"line":44,"column":0},"end":{"line":47,"column":3}},"3":{"start":{"line":45,"column":2},"end":{"line":45,"column":31}},"4":{"start":{"line":46,"column":2},"end":{"line":46,"column":9}},"5":{"start":{"line":49,"column":13},"end":{"line":49,"column":47}},"6":{"start":{"line":51,"column":0},"end":{"line":51,"column":22}}},"fnMap":{"0":{"name":"(anonymous_0)","decl":{"start":{"line":44,"column":23},"end":{"line":44,"column":24}},"loc":{"start":{"line":44,"column":38},"end":{"line":47,"column":1}},"line":44}},"branchMap":{},"s":{"0":3,"1":3,"2":3,"3":49,"4":49,"5":3,"6":3},"f":{"0":49},"b":{},"_coverageSchema":"1a1c01bbd47fc00a2c39e90264f33305004495a9","hash":"d38e0969bb8a9ae2afeab7d80fbbdabd179b87b3"}
,"D:\\Tutor-Application--main\\src\\routes\\adminRoutes.js": {"path":"D:\\Tutor-Application--main\\src\\routes\\adminRoutes.js","statementMap":{"0":{"start":{"line":2,"column":16},"end":{"line":2,"column":34}},"1":{"start":{"line":3,"column":15},"end":{"line":3,"column":31}},"2":{"start":{"line":4,"column":21},"end":{"line":4,"column":54}},"3":{"start":{"line":5,"column":23},"end":{"line":5,"column":58}},"4":{"start":{"line":6,"column":37},"end":{"line":6,"column":66}},"5":{"start":{"line":7,"column":32},"end":{"line":7,"column":67}},"6":{"start":{"line":10,"column":0},"end":{"line":65,"column":3}},"7":{"start":{"line":11,"column":2},"end":{"line":64,"column":3}},"8":{"start":{"line":12,"column":50},"end":{"line":12,"column":59}},"9":{"start":{"line":15,"column":16},"end":{"line":15,"column":18}},"10":{"start":{"line":17,"column":4},"end":{"line":19,"column":5}},"11":{"start":{"line":18,"column":6},"end":{"line":18,"column":28}},"12":{"start":{"line":21,"column":4},"end":{"line":23,"column":5}},"13":{"start":{"line":22,"column":6},"end":{"line":22,"column":47}},"14":{"start":{"line":25,"column":4},"end":{"line":33,"column":5}},"15":{"start":{"line":26,"column":6},"end":{"line":26,"column":22}},"16":{"start":{"line":27,"column":6},"end":{"line":29,"column":7}},"17":{"start":{"line":28,"column":8},"end":{"line":28,"column":46}},"18":{"start":{"line":30,"column":6},"end":{"line":32,"column":7}},"19":{"start":{"line":31,"column":8},"end":{"line":31,"column":44}},"20":{"start":{"line":36,"column":26},"end":{"line":38,"column":25}},"21":{"start":{"line":41,"column":18},"end":{"line":41,"column":40}},"22":{"start":{"line":43,"column":20},"end":{"line":43,"column":47}},"23":{"start":{"line":44,"column":19},"end":{"line":44,"column":43}},"24":{"start":{"line":45,"column":4},"end":{"line":45,"column":31}},"25":{"start":{"line":46,"column":4},"end":{"line":46,"column":30}},"26":{"start":{"line":48,"column":4},"end":{"line":54,"column":7}},"27":{"start":{"line":56,"column":4},"end":{"line":56,"column":59}},"28":{"start":{"line":57,"column":4},"end":{"line":63,"column":7}},"29":{"start":{"line":68,"column":0},"end":{"line":88,"column":3}},"30":{"start":{"line":69,"column":2},"end":{"line":87,"column":3}},"31":{"start":{"line":70,"column":20},"end":{"line":71,"column":40}},"32":{"start":{"line":73,"column":4},"end":{"line":76,"column":5}},"33":{"start":{"line":74,"column":6},"end":{"line":74,"column":49}},"34":{"start":{"line":75,"column":6},"end":{"line":75,"column":36}},"35":{"start":{"line":79,"column":23},"end":{"line":80,"column":30}},"36":{"start":{"line":82,"column":4},"end":{"line":82,"column":57}},"37":{"start":{"line":84,"column":4},"end":{"line":84,"column":52}},"38":{"start":{"line":85,"column":4},"end":{"line":85,"column":59}},"39":{"start":{"line":86,"column":4},"end":{"line":86,"column":27}},"40":{"start":{"line":91,"column":0},"end":{"line":127,"column":3}},"41":{"start":{"line":92,"column":2},"end":{"line":126,"column":3}},"42":{"start":{"line":93,"column":21},"end":{"line":93,"column":29}},"43":{"start":{"line":94,"column":20},"end":{"line":97,"column":6}},"44":{"start":{"line":99,"column":4},"end":{"line":102,"column":5}},"45":{"start":{"line":100,"column":6},"end":{"line":100,"column":66}},"46":{"start":{"line":101,"column":6},"end":{"line":101,"column":36}},"47":{"start":{"line":105,"column":4},"end":{"line":105,"column":32}},"48":{"start":{"line":106,"column":4},"end":{"line":106,"column":39}},"49":{"start":{"line":107,"column":4},"end":{"line":107,"column":25}},"50":{"start":{"line":110,"column":22},"end":{"line":117,"column":6}},"51":{"start":{"line":118,"column":4},"end":{"line":118,"column":27}},"52":{"start":{"line":120,"column":4},"end":{"line":120,"column":59}},"53":{"start":{"line":121,"column":4},"end":{"line":121,"column":27}},"54":{"start":{"line":123,"column":4},"end":{"line":123,"column":51}},"55":{"start":{"line":124,"column":4},"end":{"line":124,"column":72}},"56":{"start":{"line":125,"column":4},"end":{"line":125,"column":27}},"57":{"start":{"line":130,"column":0},"end":{"line":166,"column":3}},"58":{"start":{"line":131,"column":2},"end":{"line":165,"column":3}},"59":{"start":{"line":132,"column":21},"end":{"line":132,"column":29}},"60":{"start":{"line":133,"column":20},"end":{"line":136,"column":6}},"61":{"start":{"line":138,"column":4},"end":{"line":141,"column":5}},"62":{"start":{"line":139,"column":6},"end":{"line":139,"column":66}},"63":{"start":{"line":140,"column":6},"end":{"line":140,"column":36}},"64":{"start":{"line":144,"column":4},"end":{"line":144,"column":32}},"65":{"start":{"line":145,"column":4},"end":{"line":145,"column":55}},"66":{"start":{"line":146,"column":4},"end":{"line":146,"column":25}},"67":{"start":{"line":149,"column":22},"end":{"line":156,"column":6}},"68":{"start":{"line":157,"column":4},"end":{"line":157,"column":27}},"69":{"start":{"line":159,"column":4},"end":{"line":159,"column":59}},"70":{"start":{"line":160,"column":4},"end":{"line":160,"column":27}},"71":{"start":{"line":162,"column":4},"end":{"line":162,"column":51}},"72":{"start":{"line":163,"column":4},"end":{"line":163,"column":72}},"73":{"start":{"line":164,"column":4},"end":{"line":164,"column":27}},"74":{"start":{"line":169,"column":0},"end":{"line":215,"column":3}},"75":{"start":{"line":170,"column":2},"end":{"line":214,"column":3}},"76":{"start":{"line":171,"column":50},"end":{"line":171,"column":59}},"77":{"start":{"line":174,"column":16},"end":{"line":174,"column":18}},"78":{"start":{"line":175,"column":4},"end":{"line":175,"column":38}},"79":{"start":{"line":175,"column":16},"end":{"line":175,"column":38}},"80":{"start":{"line":176,"column":4},"end":{"line":176,"column":56}},"81":{"start":{"line":176,"column":15},"end":{"line":176,"column":56}},"82":{"start":{"line":177,"column":4},"end":{"line":181,"column":5}},"83":{"start":{"line":178,"column":6},"end":{"line":178,"column":22}},"84":{"start":{"line":179,"column":6},"end":{"line":179,"column":59}},"85":{"start":{"line":179,"column":21},"end":{"line":179,"column":59}},"86":{"start":{"line":180,"column":6},"end":{"line":180,"column":55}},"87":{"start":{"line":180,"column":19},"end":{"line":180,"column":55}},"88":{"start":{"line":183,"column":21},"end":{"line":185,"column":25}},"89":{"start":{"line":188,"column":14},"end":{"line":188,"column":110}},"90":{"start":{"line":190,"column":4},"end":{"line":204,"column":7}},"91":{"start":{"line":191,"column":18},"end":{"line":202,"column":7}},"92":{"start":{"line":203,"column":6},"end":{"line":203,"column":34}},"93":{"start":{"line":207,"column":4},"end":{"line":207,"column":46}},"94":{"start":{"line":208,"column":4},"end":{"line":208,"column":98}},"95":{"start":{"line":209,"column":4},"end":{"line":209,"column":18}},"96":{"start":{"line":211,"column":4},"end":{"line":211,"column":50}},"97":{"start":{"line":212,"column":4},"end":{"line":212,"column":50}},"98":{"start":{"line":213,"column":4},"end":{"line":213,"column":27}},"99":{"start":{"line":219,"column":2},"end":{"line":219,"column":55}},"100":{"start":{"line":219,"column":45},"end":{"line":219,"column":55}},"101":{"start":{"line":220,"column":14},"end":{"line":220,"column":27}},"102":{"start":{"line":221,"column":2},"end":{"line":223,"column":3}},"103":{"start":{"line":222,"column":4},"end":{"line":222,"column":42}},"104":{"start":{"line":224,"column":2},"end":{"line":224,"column":13}},"105":{"start":{"line":229,"column":2},"end":{"line":254,"column":3}},"106":{"start":{"line":230,"column":23},"end":{"line":232,"column":6}},"107":{"start":{"line":234,"column":25},"end":{"line":237,"column":6}},"108":{"start":{"line":239,"column":25},"end":{"line":241,"column":6}},"109":{"start":{"line":243,"column":4},"end":{"line":250,"column":6}},"110":{"start":{"line":247,"column":8},"end":{"line":247,"column":35}},"111":{"start":{"line":248,"column":8},"end":{"line":248,"column":19}},"112":{"start":{"line":252,"column":4},"end":{"line":252,"column":51}},"113":{"start":{"line":253,"column":4},"end":{"line":253,"column":16}},"114":{"start":{"line":257,"column":0},"end":{"line":257,"column":24}}},"fnMap":{"0":{"name":"(anonymous_0)","decl":{"start":{"line":10,"column":42},"end":{"line":10,"column":43}},"loc":{"start":{"line":10,"column":62},"end":{"line":65,"column":1}},"line":10},"1":{"name":"(anonymous_1)","decl":{"start":{"line":68,"column":53},"end":{"line":68,"column":54}},"loc":{"start":{"line":68,"column":73},"end":{"line":88,"column":1}},"line":68},"2":{"name":"(anonymous_2)","decl":{"start":{"line":91,"column":75},"end":{"line":91,"column":76}},"loc":{"start":{"line":91,"column":95},"end":{"line":127,"column":1}},"line":91},"3":{"name":"(anonymous_3)","decl":{"start":{"line":130,"column":74},"end":{"line":130,"column":75}},"loc":{"start":{"line":130,"column":94},"end":{"line":166,"column":1}},"line":130},"4":{"name":"(anonymous_4)","decl":{"start":{"line":169,"column":52},"end":{"line":169,"column":53}},"loc":{"start":{"line":169,"column":72},"end":{"line":215,"column":1}},"line":169},"5":{"name":"(anonymous_5)","decl":{"start":{"line":190,"column":21},"end":{"line":190,"column":22}},"loc":{"start":{"line":190,"column":32},"end":{"line":204,"column":5}},"line":190},"6":{"name":"escapeCSV","decl":{"start":{"line":218,"column":9},"end":{"line":218,"column":18}},"loc":{"start":{"line":218,"column":26},"end":{"line":225,"column":1}},"line":218},"7":{"name":"calculateStats","decl":{"start":{"line":228,"column":15},"end":{"line":228,"column":29}},"loc":{"start":{"line":228,"column":32},"end":{"line":255,"column":1}},"line":228},"8":{"name":"(anonymous_8)","decl":{"start":{"line":246,"column":40},"end":{"line":246,"column":41}},"loc":{"start":{"line":246,"column":55},"end":{"line":249,"column":7}},"line":246}},"branchMap":{"0":{"loc":{"start":{"line":17,"column":4},"end":{"line":19,"column":5}},"type":"if","locations":[{"start":{"line":17,"column":4},"end":{"line":19,"column":5}},{"start":{},"end":{}}],"line":17},"1":{"loc":{"start":{"line":21,"column":4},"end":{"line":23,"column":5}},"type":"if","locations":[{"start":{"line":21,"column":4},"end":{"line":23,"column":5}},{"start":{},"end":{}}],"line":21},"2":{"loc":{"start":{"line":25,"column":4},"end":{"line":33,"column":5}},"type":"if","locations":[{"start":{"line":25,"column":4},"end":{"line":33,"column":5}},{"start":{},"end":{}}],"line":25},"3":{"loc":{"start":{"line":25,"column":8},"end":{"line":25,"column":28}},"type":"binary-expr","locations":[{"start":{"line":25,"column":8},"end":{"line":25,"column":17}},{"start":{"line":25,"column":21},"end":{"line":25,"column":28}}],"line":25},"4":{"loc":{"start":{"line":27,"column":6},"end":{"line":29,"column":7}},"type":"if","locations":[{"start":{"line":27,"column":6},"end":{"line":29,"column":7}},{"start":{},"end":{}}],"line":27},"5":{"loc":{"start":{"line":30,"column":6},"end":{"line":32,"column":7}},"type":"if","locations":[{"start":{"line":30,"column":6},"end":{"line":32,"column":7}},{"start":{},"end":{}}],"line":30},"6":{"loc":{"start":{"line":43,"column":20},"end":{"line":43,"column":47}},"type":"binary-expr","locations":[{"start":{"line":43,"column":20},"end":{"line":43,"column":39}},{"start":{"line":43,"column":43},"end":{"line":43,"column":47}}],"line":43},"7":{"loc":{"start":{"line":44,"column":19},"end":{"line":44,"column":43}},"type":"binary-expr","locations":[{"start":{"line":44,"column":19},"end":{"line":44,"column":37}},{"start":{"line":44,"column":41},"end":{"line":44,"column":43}}],"line":44},"8":{"loc":{"start":{"line":73,"column":4},"end":{"line":76,"column":5}},"type":"if","locations":[{"start":{"line":73,"column":4},"end":{"line":76,"column":5}},{"start":{},"end":{}}],"line":73},"9":{"loc":{"start":{"line":99,"column":4},"end":{"line":102,"column":5}},"type":"if","locations":[{"start":{"line":99,"column":4},"end":{"line":102,"column":5}},{"start":{},"end":{}}],"line":99},"10":{"loc":{"start":{"line":106,"column":26},"end":{"line":106,"column":38}},"type":"binary-expr","locations":[{"start":{"line":106,"column":26},"end":{"line":106,"column":30}},{"start":{"line":106,"column":34},"end":{"line":106,"column":38}}],"line":106},"11":{"loc":{"start":{"line":114,"column":12},"end":{"line":114,"column":24}},"type":"binary-expr","locations":[{"start":{"line":114,"column":12},"end":{"line":114,"column":16}},{"start":{"line":114,"column":20},"end":{"line":114,"column":24}}],"line":114},"12":{"loc":{"start":{"line":138,"column":4},"end":{"line":141,"column":5}},"type":"if","locations":[{"start":{"line":138,"column":4},"end":{"line":141,"column":5}},{"start":{},"end":{}}],"line":138},"13":{"loc":{"start":{"line":145,"column":26},"end":{"line":145,"column":54}},"type":"binary-expr","locations":[{"start":{"line":145,"column":26},"end":{"line":145,"column":30}},{"start":{"line":145,"column":34},"end":{"line":145,"column":54}}],"line":145},"14":{"loc":{"start":{"line":153,"column":12},"end":{"line":153,"column":40}},"type":"binary-expr","locations":[{"start":{"line":153,"column":12},"end":{"line":153,"column":16}},{"start":{"line":153,"column":20},"end":{"line":153,"column":40}}],"line":153},"15":{"loc":{"start":{"line":175,"column":4},"end":{"line":175,"column":38}},"type":"if","locations":[{"start":{"line":175,"column":4},"end":{"line":175,"column":38}},{"start":{},"end":{}}],"line":175},"16":{"loc":{"start":{"line":176,"column":4},"end":{"line":176,"column":56}},"type":"if","locations":[{"start":{"line":176,"column":4},"end":{"line":176,"column":56}},{"start":{},"end":{}}],"line":176},"17":{"loc":{"start":{"line":177,"column":4},"end":{"line":181,"column":5}},"type":"if","locations":[{"start":{"line":177,"column":4},"end":{"line":181,"column":5}},{"start":{},"end":{}}],"line":177},"18":{"loc":{"start":{"line":177,"column":8},"end":{"line":177,"column":28}},"type":"binary-expr","locations":[{"start":{"line":177,"column":8},"end":{"line":177,"column":17}},{"start":{"line":177,"column":21},"end":{"line":177,"column":28}}],"line":177},"19":{"loc":{"start":{"line":179,"column":6},"end":{"line":179,"column":59}},"type":"if","locations":[{"start":{"line":179,"column":6},"end":{"line":179,"column":59}},{"start":{},"end":{}}],"line":179},"20":{"loc":{"start":{"line":180,"column":6},"end":{"line":180,"column":55}},"type":"if","locations":[{"start":{"line":180,"column":6},"end":{"line":180,"column":55}},{"start":{},"end":{}}],"line":180},"21":{"loc":{"start":{"line":199,"column":8},"end":{"line":199,"column":70}},"type":"cond-expr","locations":[{"start":{"line":199,"column":31},"end":{"line":199,"column":65}},{"start":{"line":199,"column":68},"end":{"line":199,"column":70}}],"line":199},"22":{"loc":{"start":{"line":200,"column":8},"end":{"line":200,"column":68}},"type":"cond-expr","locations":[{"start":{"line":200,"column":30},"end":{"line":200,"column":63}},{"start":{"line":200,"column":66},"end":{"line":200,"column":68}}],"line":200},"23":{"loc":{"start":{"line":201,"column":18},"end":{"line":201,"column":43}},"type":"binary-expr","locations":[{"start":{"line":201,"column":18},"end":{"line":201,"column":37}},{"start":{"line":201,"column":41},"end":{"line":201,"column":43}}],"line":201},"24":{"loc":{"start":{"line":219,"column":2},"end":{"line":219,"column":55}},"type":"if","locations":[{"start":{"line":219,"column":2},"end":{"line":219,"column":55}},{"start":{},"end":{}}],"line":219},"25":{"loc":{"start":{"line":219,"column":6},"end":{"line":219,"column":43}},"type":"binary-expr","locations":[{"start":{"line":219,"column":6},"end":{"line":219,"column":20}},{"start":{"line":219,"column":24},"end":{"line":219,"column":43}}],"line":219},"26":{"loc":{"start":{"line":221,"column":2},"end":{"line":223,"column":3}},"type":"if","locations":[{"start":{"line":221,"column":2},"end":{"line":223,"column":3}},{"start":{},"end":{}}],"line":221},"27":{"loc":{"start":{"line":221,"column":6},"end":{"line":221,"column":66}},"type":"binary-expr","locations":[{"start":{"line":221,"column":6},"end":{"line":221,"column":23}},{"start":{"line":221,"column":27},"end":{"line":221,"column":44}},{"start":{"line":221,"column":48},"end":{"line":221,"column":66}}],"line":221},"28":{"loc":{"start":{"line":244,"column":18},"end":{"line":244,"column":43}},"type":"binary-expr","locations":[{"start":{"line":244,"column":18},"end":{"line":244,"column":38}},{"start":{"line":244,"column":42},"end":{"line":244,"column":43}}],"line":244}},"s":{"0":0,"1":0,"2":0,"3":0,"4":0,"5":0,"6":0,"7":0,"8":0,"9":0,"10":0,"11":0,"12":0,"13":0,"14":0,"15":0,"16":0,"17":0,"18":0,"19":0,"20":0,"21":0,"22":0,"23":0,"24":0,"25":0,"26":0,"27":0,"28":0,"29":0,"30":0,"31":0,"32":0,"33":0,"34":0,"35":0,"36":0,"37":0,"38":0,"39":0,"40":0,"41":0,"42":0,"43":0,"44":0,"45":0,"46":0,"47":0,"48":0,"49":0,"50":0,"51":0,"52":0,"53":0,"54":0,"55":0,"56":0,"57":0,"58":0,"59":0,"60":0,"61":0,"62":0,"63":0,"64":0,"65":0,"66":0,"67":0,"68":0,"69":0,"70":0,"71":0,"72":0,"73":0,"74":0,"75":0,"76":0,"77":0,"78":0,"79":0,"80":0,"81":0,"82":0,"83":0,"84":0,"85":0,"86":0,"87":0,"88":0,"89":0,"90":0,"91":0,"92":0,"93":0,"94":0,"95":0,"96":0,"97":0,"98":0,"99":0,"100":0,"101":0,"102":0,"103":0,"104":0,"105":0,"106":0,"107":0,"108":0,"109":0,"110":0,"111":0,"112":0,"113":0,"114":0},"f":{"0":0,"1":0,"2":0,"3":0,"4":0,"5":0,"6":0,"7":0,"8":0},"b":{"0":[0,0],"1":[0,0],"2":[0,0],"3":[0,0],"4":[0,0],"5":[0,0],"6":[0,0],"7":[0,0],"8":[0,0],"9":[0,0],"10":[0,0],"11":[0,0],"12":[0,0],"13":[0,0],"14":[0,0],"15":[0,0],"16":[0,0],"17":[0,0],"18":[0,0],"19":[0,0],"20":[0,0],"21":[0,0],"22":[0,0],"23":[0,0],"24":[0,0],"25":[0,0],"26":[0,0],"27":[0,0,0],"28":[0,0]}}
,"D:\\Tutor-Application--main\\src\\routes\\authRoutes.js": {"path":"D:\\Tutor-Application--main\\src\\routes\\authRoutes.js","statementMap":{"0":{"start":{"line":2,"column":16},"end":{"line":2,"column":34}},"1":{"start":{"line":3,"column":17},"end":{"line":3,"column":36}},"2":{"start":{"line":4,"column":15},"end":{"line":4,"column":31}},"3":{"start":{"line":7,"column":0},"end":{"line":7,"column":88}},"4":{"start":{"line":10,"column":0},"end":{"line":15,"column":2}},"5":{"start":{"line":13,"column":4},"end":{"line":13,"column":27}},"6":{"start":{"line":18,"column":0},"end":{"line":22,"column":3}},"7":{"start":{"line":19,"column":2},"end":{"line":21,"column":5}},"8":{"start":{"line":20,"column":4},"end":{"line":20,"column":22}},"9":{"start":{"line":24,"column":0},"end":{"line":24,"column":24}}},"fnMap":{"0":{"name":"(anonymous_0)","decl":{"start":{"line":12,"column":2},"end":{"line":12,"column":3}},"loc":{"start":{"line":12,"column":16},"end":{"line":14,"column":3}},"line":12},"1":{"name":"(anonymous_1)","decl":{"start":{"line":18,"column":22},"end":{"line":18,"column":23}},"loc":{"start":{"line":18,"column":36},"end":{"line":22,"column":1}},"line":18},"2":{"name":"(anonymous_2)","decl":{"start":{"line":19,"column":13},"end":{"line":19,"column":14}},"loc":{"start":{"line":19,"column":22},"end":{"line":21,"column":3}},"line":19}},"branchMap":{},"s":{"0":0,"1":0,"2":0,"3":0,"4":0,"5":0,"6":0,"7":0,"8":0,"9":0},"f":{"0":0,"1":0,"2":0},"b":{}}
,"D:\\Tutor-Application--main\\src\\routes\\tutorRoutes.js": {"path":"D:\\Tutor-Application--main\\src\\routes\\tutorRoutes.js","statementMap":{"0":{"start":{"line":1,"column":16},"end":{"line":1,"column":34}},"1":{"start":{"line":2,"column":15},"end":{"line":2,"column":31}},"2":{"start":{"line":3,"column":21},"end":{"line":3,"column":54}},"3":{"start":{"line":4,"column":29},"end":{"line":4,"column":55}},"4":{"start":{"line":5,"column":37},"end":{"line":5,"column":66}},"5":{"start":{"line":6,"column":33},"end":{"line":6,"column":68}},"6":{"start":{"line":9,"column":0},"end":{"line":21,"column":3}},"7":{"start":{"line":10,"column":2},"end":{"line":20,"column":3}},"8":{"start":{"line":12,"column":26},"end":{"line":12,"column":95}},"9":{"start":{"line":13,"column":19},"end":{"line":13,"column":43}},"10":{"start":{"line":14,"column":4},"end":{"line":14,"column":30}},"11":{"start":{"line":16,"column":4},"end":{"line":16,"column":55}},"12":{"start":{"line":18,"column":4},"end":{"line":18,"column":59}},"13":{"start":{"line":19,"column":4},"end":{"line":19,"column":63}},"14":{"start":{"line":24,"column":0},"end":{"line":48,"column":3}},"15":{"start":{"line":25,"column":49},"end":{"line":25,"column":57}},"16":{"start":{"line":28,"column":21},"end":{"line":37,"column":4}},"17":{"start":{"line":39,"column":2},"end":{"line":47,"column":3}},"18":{"start":{"line":40,"column":4},"end":{"line":40,"column":28}},"19":{"start":{"line":41,"column":4},"end":{"line":41,"column":65}},"20":{"start":{"line":42,"column":4},"end":{"line":42,"column":27}},"21":{"start":{"line":44,"column":4},"end":{"line":44,"column":48}},"22":{"start":{"line":45,"column":4},"end":{"line":45,"column":69}},"23":{"start":{"line":46,"column":4},"end":{"line":46,"column":27}},"24":{"start":{"line":51,"column":0},"end":{"line":77,"column":3}},"25":{"start":{"line":52,"column":2},"end":{"line":76,"column":3}},"26":{"start":{"line":53,"column":20},"end":{"line":57,"column":6}},"27":{"start":{"line":59,"column":4},"end":{"line":62,"column":5}},"28":{"start":{"line":60,"column":6},"end":{"line":60,"column":70}},"29":{"start":{"line":61,"column":6},"end":{"line":61,"column":36}},"30":{"start":{"line":64,"column":4},"end":{"line":64,"column":33}},"31":{"start":{"line":65,"column":4},"end":{"line":65,"column":25}},"32":{"start":{"line":68,"column":4},"end":{"line":68,"column":30}},"33":{"start":{"line":70,"column":4},"end":{"line":70,"column":58}},"34":{"start":{"line":71,"column":4},"end":{"line":71,"column":27}},"35":{"start":{"line":73,"column":4},"end":{"line":73,"column":52}},"36":{"start":{"line":74,"column":4},"end":{"line":74,"column":73}},"37":{"start":{"line":75,"column":4},"end":{"line":75,"column":27}},"38":{"start":{"line":80,"column":0},"end":{"line":109,"column":3}},"39":{"start":{"line":81,"column":49},"end":{"line":81,"column":57}},"40":{"start":{"line":83,"column":2},"end":{"line":108,"column":3}},"41":{"start":{"line":84,"column":20},"end":{"line":88,"column":6}},"42":{"start":{"line":90,"column":4},"end":{"line":93,"column":5}},"43":{"start":{"line":91,"column":6},"end":{"line":91,"column":69}},"44":{"start":{"line":92,"column":6},"end":{"line":92,"column":36}},"45":{"start":{"line":96,"column":4},"end":{"line":96,"column":34}},"46":{"start":{"line":97,"column":4},"end":{"line":97,"column":32}},"47":{"start":{"line":98,"column":4},"end":{"line":98,"column":38}},"48":{"start":{"line":99,"column":4},"end":{"line":99,"column":26}},"49":{"start":{"line":101,"column":4},"end":{"line":101,"column":25}},"50":{"start":{"line":102,"column":4},"end":{"line":102,"column":58}},"51":{"start":{"line":103,"column":4},"end":{"line":103,"column":27}},"52":{"start":{"line":105,"column":4},"end":{"line":105,"column":50}},"53":{"start":{"line":106,"column":4},"end":{"line":106,"column":71}},"54":{"start":{"line":107,"column":4},"end":{"line":107,"column":27}},"55":{"start":{"line":112,"column":0},"end":{"line":132,"column":3}},"56":{"start":{"line":113,"column":2},"end":{"line":131,"column":3}},"57":{"start":{"line":114,"column":19},"end":{"line":118,"column":6}},"58":{"start":{"line":120,"column":4},"end":{"line":124,"column":5}},"59":{"start":{"line":121,"column":6},"end":{"line":121,"column":70}},"60":{"start":{"line":123,"column":6},"end":{"line":123,"column":60}},"61":{"start":{"line":126,"column":4},"end":{"line":126,"column":27}},"62":{"start":{"line":128,"column":4},"end":{"line":128,"column":50}},"63":{"start":{"line":129,"column":4},"end":{"line":129,"column":71}},"64":{"start":{"line":130,"column":4},"end":{"line":130,"column":27}},"65":{"start":{"line":134,"column":0},"end":{"line":134,"column":24}}},"fnMap":{"0":{"name":"(anonymous_0)","decl":{"start":{"line":9,"column":42},"end":{"line":9,"column":43}},"loc":{"start":{"line":9,"column":62},"end":{"line":21,"column":1}},"line":9},"1":{"name":"(anonymous_1)","decl":{"start":{"line":24,"column":68},"end":{"line":24,"column":69}},"loc":{"start":{"line":24,"column":88},"end":{"line":48,"column":1}},"line":24},"2":{"name":"(anonymous_2)","decl":{"start":{"line":51,"column":53},"end":{"line":51,"column":54}},"loc":{"start":{"line":51,"column":73},"end":{"line":77,"column":1}},"line":51},"3":{"name":"(anonymous_3)","decl":{"start":{"line":80,"column":73},"end":{"line":80,"column":74}},"loc":{"start":{"line":80,"column":93},"end":{"line":109,"column":1}},"line":80},"4":{"name":"(anonymous_4)","decl":{"start":{"line":112,"column":53},"end":{"line":112,"column":54}},"loc":{"start":{"line":112,"column":73},"end":{"line":132,"column":1}},"line":112}},"branchMap":{"0":{"loc":{"start":{"line":13,"column":19},"end":{"line":13,"column":43}},"type":"binary-expr","locations":[{"start":{"line":13,"column":19},"end":{"line":13,"column":37}},{"start":{"line":13,"column":41},"end":{"line":13,"column":43}}],"line":13},"1":{"loc":{"start":{"line":59,"column":4},"end":{"line":62,"column":5}},"type":"if","locations":[{"start":{"line":59,"column":4},"end":{"line":62,"column":5}},{"start":{},"end":{}}],"line":59},"2":{"loc":{"start":{"line":90,"column":4},"end":{"line":93,"column":5}},"type":"if","locations":[{"start":{"line":90,"column":4},"end":{"line":93,"column":5}},{"start":{},"end":{}}],"line":90},"3":{"loc":{"start":{"line":120,"column":4},"end":{"line":124,"column":5}},"type":"if","locations":[{"start":{"line":120,"column":4},"end":{"line":124,"column":5}},{"start":{"line":122,"column":11},"end":{"line":124,"column":5}}],"line":120}},"s":{"0":0,"1":0,"2":0,"3":0,"4":0,"5":0,"6":0,"7":0,"8":0,"9":0,"10":0,"11":0,"12":0,"13":0,"14":0,"15":0,"16":0,"17":0,"18":0,"19":0,"20":0,"21":0,"22":0,"23":0,"24":0,"25":0,"26":0,"27":0,"28":0,"29":0,"30":0,"31":0,"32":0,"33":0,"34":0,"35":0,"36":0,"37":0,"38":0,"39":0,"40":0,"41":0,"42":0,"43":0,"44":0,"45":0,"46":0,"47":0,"48":0,"49":0,"50":0,"51":0,"52":0,"53":0,"54":0,"55":0,"56":0,"57":0,"58":0,"59":0,"60":0,"61":0,"62":0,"63":0,"64":0,"65":0},"f":{"0":0,"1":0,"2":0,"3":0,"4":0},"b":{"0":[0,0],"1":[0,0],"2":[0,0],"3":[0,0]}}
}
