TN:
SF:src\emailService.js
FN:8,getTransporter
FN:22,sendEmailToAdmin
FN:59,(anonymous_2)
FNF:3
FNH:3
FNDA:5,getTransporter
FNDA:6,sendEmailToAdmin
FNDA:7,(anonymous_2)
DA:2,1
DA:3,1
DA:6,1
DA:9,5
DA:10,1
DA:18,5
DA:23,6
DA:25,6
DA:26,1
DA:31,1
DA:34,5
DA:46,5
DA:47,5
DA:48,4
DA:49,4
DA:51,1
DA:52,1
DA:57,1
DA:60,7
LF:19
LH:19
BRDA:9,0,0,1
BRDA:9,0,1,4
BRDA:23,1,0,6
BRDA:23,1,1,2
BRDA:25,2,0,1
BRDA:25,2,1,5
BRF:6
BRH:6
end_of_record
TN:
SF:src\config\logger.js
FN:19,(anonymous_0)
FN:83,(anonymous_1)
FN:87,(anonymous_2)
FN:119,(anonymous_3)
FN:121,(anonymous_4)
FN:122,(anonymous_5)
FN:123,(anonymous_6)
FN:128,(anonymous_7)
FN:129,(anonymous_8)
FN:130,(anonymous_9)
FN:131,(anonymous_10)
FN:136,(anonymous_11)
FN:138,(anonymous_12)
FN:140,(anonymous_13)
FN:141,(anonymous_14)
FN:143,(anonymous_15)
FN:144,(anonymous_16)
FN:150,(anonymous_17)
FN:151,(anonymous_18)
FN:157,(anonymous_19)
FN:158,(anonymous_20)
FN:159,(anonymous_21)
FNF:22
FNH:22
FNDA:4,(anonymous_0)
FNDA:8,(anonymous_1)
FNDA:6,(anonymous_2)
FNDA:1,(anonymous_3)
FNDA:1,(anonymous_4)
FNDA:1,(anonymous_5)
FNDA:1,(anonymous_6)
FNDA:1,(anonymous_7)
FNDA:1,(anonymous_8)
FNDA:1,(anonymous_9)
FNDA:1,(anonymous_10)
FNDA:1,(anonymous_11)
FNDA:1,(anonymous_12)
FNDA:1,(anonymous_13)
FNDA:1,(anonymous_14)
FNDA:1,(anonymous_15)
FNDA:1,(anonymous_16)
FNDA:1,(anonymous_17)
FNDA:1,(anonymous_18)
FNDA:1,(anonymous_19)
FNDA:1,(anonymous_20)
FNDA:1,(anonymous_21)
DA:1,3
DA:2,3
DA:3,3
DA:5,3
DA:8,3
DA:16,3
DA:20,4
DA:21,4
DA:22,4
DA:24,4
DA:29,3
DA:74,3
DA:75,2
DA:83,3
DA:84,8
DA:87,8
DA:88,6
DA:89,6
DA:98,6
DA:99,1
DA:100,1
DA:103,6
DA:104,1
DA:105,5
DA:106,1
DA:108,4
DA:112,8
DA:116,3
DA:120,1
DA:121,1
DA:122,1
DA:123,1
DA:128,1
DA:129,1
DA:130,1
DA:131,1
DA:137,1
DA:139,1
DA:140,1
DA:142,1
DA:143,1
DA:145,1
DA:150,1
DA:152,1
DA:157,1
DA:158,1
DA:160,1
DA:164,3
LF:48
LH:48
BRDA:5,0,0,3
BRDA:5,0,1,3
BRDA:21,1,0,4
BRDA:21,1,1,0
BRDA:30,2,0,3
BRDA:30,2,1,3
BRDA:74,3,0,2
BRDA:74,3,1,1
BRDA:91,4,0,6
BRDA:91,4,1,1
BRDA:94,5,0,6
BRDA:94,5,1,1
BRDA:98,6,0,1
BRDA:98,6,1,5
BRDA:103,7,0,1
BRDA:103,7,1,5
BRDA:105,8,0,1
BRDA:105,8,1,4
BRF:18
BRH:17
end_of_record
TN:
SF:src\middleware\auth.js
FN:7,isAuthenticated
FN:18,isAdmin
FN:35,isTutor
FN:52,attachUserRole
FNF:4
FNH:4
FNDA:85,isAuthenticated
FNDA:63,isAdmin
FNDA:23,isTutor
FNDA:3,attachUserRole
DA:9,85
DA:10,81
DA:12,4
DA:20,63
DA:25,54
DA:29,9
DA:37,23
DA:42,22
DA:46,1
DA:53,3
DA:54,2
DA:55,2
DA:57,1
DA:58,1
DA:60,3
DA:61,3
DA:64,3
LF:17
LH:17
BRDA:9,0,0,81
BRDA:9,0,1,4
BRDA:9,1,0,85
BRDA:9,1,1,85
BRDA:9,1,2,4
BRDA:20,2,0,54
BRDA:20,2,1,9
BRDA:21,3,0,63
BRDA:21,3,1,63
BRDA:21,3,2,1
BRDA:21,3,3,62
BRDA:21,3,4,62
BRDA:37,4,0,22
BRDA:37,4,1,1
BRDA:38,5,0,23
BRDA:38,5,1,23
BRDA:38,5,2,1
BRDA:38,5,3,22
BRDA:38,5,4,22
BRDA:38,5,5,1
BRDA:53,6,0,2
BRDA:53,6,1,1
BRDA:55,7,0,2
BRDA:55,7,1,1
BRDA:60,8,0,3
BRDA:60,8,1,1
BRF:26
BRH:26
end_of_record
TN:
SF:src\middleware\errorHandler.js
FN:5,(anonymous_0)
FN:15,(anonymous_1)
FN:20,(anonymous_2)
FN:26,(anonymous_3)
FN:27,(anonymous_4)
FN:33,(anonymous_5)
FN:35,(anonymous_6)
FN:39,(anonymous_7)
FN:60,(anonymous_8)
FN:97,(anonymous_9)
FN:132,(anonymous_10)
FN:138,(anonymous_11)
FN:138,(anonymous_12)
FNF:13
FNH:13
FNDA:16,(anonymous_0)
FNDA:1,(anonymous_1)
FNDA:1,(anonymous_2)
FNDA:1,(anonymous_3)
FNDA:2,(anonymous_4)
FNDA:1,(anonymous_5)
FNDA:1,(anonymous_6)
FNDA:4,(anonymous_7)
FNDA:9,(anonymous_8)
FNDA:13,(anonymous_9)
FNDA:1,(anonymous_10)
FNDA:2,(anonymous_11)
FNDA:2,(anonymous_12)
DA:1,1
DA:6,16
DA:7,16
DA:8,16
DA:9,16
DA:10,16
DA:15,1
DA:16,1
DA:17,1
DA:20,1
DA:21,1
DA:22,1
DA:23,1
DA:26,1
DA:27,2
DA:28,1
DA:29,1
DA:33,1
DA:35,1
DA:36,1
DA:39,1
DA:41,4
DA:42,3
DA:51,1
DA:52,1
DA:60,1
DA:62,9
DA:64,7
DA:65,6
DA:72,1
DA:73,1
DA:81,2
DA:82,1
DA:89,1
DA:90,1
DA:97,1
DA:98,13
DA:99,13
DA:101,13
DA:102,3
DA:103,10
DA:104,9
DA:105,9
DA:108,9
DA:109,1
DA:111,9
DA:112,1
DA:114,9
DA:115,1
DA:117,9
DA:118,1
DA:120,9
DA:121,1
DA:124,9
DA:127,1
DA:132,1
DA:133,1
DA:134,1
DA:138,2
DA:139,2
DA:142,1
LF:61
LH:61
BRDA:5,0,0,13
BRDA:9,1,0,12
BRDA:9,1,1,4
BRDA:41,2,0,3
BRDA:41,2,1,1
BRDA:62,3,0,7
BRDA:62,3,1,2
BRDA:64,4,0,6
BRDA:64,4,1,1
BRDA:81,5,0,1
BRDA:81,5,1,1
BRDA:98,6,0,13
BRDA:98,6,1,1
BRDA:99,7,0,13
BRDA:99,7,1,6
BRDA:101,8,0,3
BRDA:101,8,1,10
BRDA:103,9,0,9
BRDA:103,9,1,1
BRDA:108,10,0,1
BRDA:108,10,1,8
BRDA:111,11,0,1
BRDA:111,11,1,8
BRDA:114,12,0,1
BRDA:114,12,1,8
BRDA:117,13,0,1
BRDA:117,13,1,8
BRDA:120,14,0,1
BRDA:120,14,1,8
BRF:29
BRH:29
end_of_record
TN:
SF:src\middleware\security.js
FN:26,(anonymous_0)
FN:33,(anonymous_1)
FN:63,(anonymous_2)
FN:74,(anonymous_3)
FN:76,(anonymous_4)
FN:77,(anonymous_5)
FN:100,(anonymous_6)
FNF:7
FNH:7
FNDA:9,(anonymous_0)
FNDA:3,(anonymous_1)
FNDA:1,(anonymous_2)
FNDA:9,(anonymous_3)
FNDA:27,(anonymous_4)
FNDA:19,(anonymous_5)
FNDA:1,(anonymous_6)
DA:1,3
DA:2,3
DA:3,3
DA:4,3
DA:7,3
DA:26,3
DA:27,9
DA:35,3
DA:40,3
DA:47,3
DA:54,3
DA:61,3
DA:64,1
DA:69,3
DA:74,3
DA:76,9
DA:77,27
DA:78,19
DA:79,12
DA:80,7
DA:81,3
DA:86,9
DA:87,8
DA:89,9
DA:90,8
DA:92,9
DA:93,8
DA:96,9
DA:100,3
DA:102,1
DA:105,1
DA:106,1
DA:107,1
DA:108,1
DA:110,1
DA:113,3
LF:36
LH:36
BRDA:18,0,0,1
BRDA:18,0,1,2
BRDA:35,1,0,3
BRDA:35,1,1,2
BRDA:41,2,0,3
BRDA:41,2,1,3
BRDA:42,3,0,3
BRDA:42,3,1,3
BRDA:78,4,0,12
BRDA:78,4,1,7
BRDA:80,5,0,3
BRDA:80,5,1,4
BRDA:80,6,0,7
BRDA:80,6,1,4
BRDA:86,7,0,8
BRDA:86,7,1,1
BRDA:89,8,0,8
BRDA:89,8,1,1
BRDA:92,9,0,8
BRDA:92,9,1,1
BRF:20
BRH:20
end_of_record
TN:
SF:src\middleware\validation.js
FN:7,validateTutorSession
FN:73,validateAdminReview
FNF:2
FNH:2
FNDA:24,validateTutorSession
FNDA:7,validateAdminReview
DA:8,24
DA:9,24
DA:12,24
DA:13,1
DA:15,23
DA:16,23
DA:17,1
DA:20,23
DA:21,23
DA:22,23
DA:23,2
DA:28,24
DA:29,1
DA:30,23
DA:31,2
DA:32,21
DA:33,1
DA:37,24
DA:38,1
DA:39,23
DA:40,2
DA:41,21
DA:42,1
DA:46,24
DA:47,24
DA:48,2
DA:49,22
DA:50,2
DA:51,20
DA:52,1
DA:53,19
DA:54,1
DA:58,24
DA:59,16
DA:63,8
DA:64,8
DA:65,8
DA:67,8
DA:74,7
DA:75,7
DA:78,7
DA:79,1
DA:83,7
DA:84,1
DA:88,7
DA:89,2
DA:93,5
DA:94,3
DA:97,5
DA:100,2
LF:50
LH:50
BRDA:12,0,0,1
BRDA:12,0,1,23
BRDA:16,1,0,1
BRDA:16,1,1,22
BRDA:22,2,0,2
BRDA:22,2,1,21
BRDA:28,3,0,1
BRDA:28,3,1,23
BRDA:28,4,0,24
BRDA:28,4,1,23
BRDA:30,5,0,2
BRDA:30,5,1,21
BRDA:32,6,0,1
BRDA:32,6,1,20
BRDA:37,7,0,1
BRDA:37,7,1,23
BRDA:37,8,0,24
BRDA:37,8,1,23
BRDA:39,9,0,2
BRDA:39,9,1,21
BRDA:41,10,0,1
BRDA:41,10,1,20
BRDA:47,11,0,2
BRDA:47,11,1,22
BRDA:47,12,0,24
BRDA:47,12,1,23
BRDA:49,13,0,2
BRDA:49,13,1,20
BRDA:51,14,0,1
BRDA:51,14,1,19
BRDA:53,15,0,1
BRDA:53,15,1,18
BRDA:58,16,0,16
BRDA:58,16,1,8
BRDA:78,17,0,1
BRDA:78,17,1,6
BRDA:78,18,0,7
BRDA:78,18,1,7
BRDA:83,19,0,1
BRDA:83,19,1,6
BRDA:83,20,0,7
BRDA:83,20,1,5
BRDA:88,21,0,2
BRDA:88,21,1,5
BRDA:93,22,0,3
BRDA:93,22,1,2
BRF:46
BRH:46
end_of_record
TN:
SF:src\models\AdminReviewLog.js
FNF:0
FNH:0
DA:2,2
DA:5,2
DA:42,2
DA:43,2
DA:45,2
DA:47,2
LF:6
LH:6
BRF:0
BRH:0
end_of_record
TN:
SF:src\models\TutorSession.js
FN:67,(anonymous_0)
FNF:1
FNH:1
FNDA:108,(anonymous_0)
DA:2,4
DA:5,4
DA:67,4
DA:68,108
DA:71,108
DA:72,49
DA:76,108
DA:81,26
DA:84,108
DA:88,4
DA:90,4
DA:92,4
LF:12
LH:12
BRDA:71,0,0,49
BRDA:71,0,1,59
BRDA:71,1,0,108
BRDA:71,1,1,98
BRDA:71,1,2,49
BRDA:76,2,0,26
BRDA:76,2,1,82
BRDA:77,3,0,108
BRDA:77,3,1,98
BRDA:77,3,2,76
BRDA:77,3,3,26
BRF:11
BRH:11
end_of_record
TN:
SF:src\models\User.js
FN:44,(anonymous_0)
FNF:1
FNH:1
FNDA:196,(anonymous_0)
DA:2,6
DA:5,6
DA:44,6
DA:45,196
DA:46,196
DA:49,6
DA:51,6
LF:7
LH:7
BRF:0
BRH:0
end_of_record
TN:
SF:src\routes\adminRoutes.js
FN:9,(anonymous_0)
FN:67,(anonymous_1)
FN:105,(anonymous_2)
FN:126,(anonymous_3)
FN:168,(anonymous_4)
FN:210,(anonymous_5)
FN:240,(anonymous_6)
FN:268,(anonymous_7)
FN:275,escapeCSV
FN:287,(anonymous_9)
FN:301,(anonymous_10)
FN:317,(anonymous_11)
FN:338,(anonymous_12)
FN:349,(anonymous_13)
FN:371,calculateStats
FN:400,(anonymous_15)
FNF:16
FNH:16
FNDA:7,(anonymous_0)
FNDA:7,(anonymous_1)
FNDA:4,(anonymous_2)
FNDA:5,(anonymous_3)
FNDA:5,(anonymous_4)
FNDA:10,(anonymous_5)
FNDA:11,(anonymous_6)
FNDA:5,(anonymous_7)
FNDA:55,escapeCSV
FNDA:2,(anonymous_9)
FNDA:3,(anonymous_10)
FNDA:2,(anonymous_11)
FNDA:1,(anonymous_12)
FNDA:2,(anonymous_13)
FNDA:11,calculateStats
FNDA:10,(anonymous_15)
DA:2,1
DA:3,1
DA:4,1
DA:5,1
DA:6,1
DA:9,1
DA:10,7
DA:11,7
DA:14,7
DA:16,7
DA:17,1
DA:20,7
DA:21,1
DA:24,7
DA:25,3
DA:26,3
DA:27,2
DA:29,3
DA:30,2
DA:35,7
DA:40,6
DA:42,6
DA:43,6
DA:44,6
DA:45,6
DA:47,6
DA:55,1
DA:56,1
DA:67,1
DA:68,7
DA:69,7
DA:72,7
DA:74,7
DA:75,1
DA:78,7
DA:79,1
DA:82,7
DA:83,3
DA:84,3
DA:85,2
DA:87,3
DA:88,2
DA:93,7
DA:97,6
DA:99,1
DA:100,1
DA:105,1
DA:106,4
DA:107,4
DA:109,3
DA:110,2
DA:111,2
DA:115,1
DA:117,1
DA:119,1
DA:120,1
DA:121,1
DA:126,1
DA:127,5
DA:128,5
DA:131,5
DA:132,1
DA:134,4
DA:139,3
DA:140,1
DA:144,2
DA:145,2
DA:146,2
DA:149,2
DA:157,2
DA:159,2
DA:161,1
DA:162,1
DA:163,1
DA:168,1
DA:169,5
DA:170,5
DA:173,5
DA:174,1
DA:176,4
DA:181,3
DA:182,1
DA:186,2
DA:187,2
DA:188,2
DA:191,2
DA:199,2
DA:201,2
DA:203,1
DA:204,1
DA:205,1
DA:210,1
DA:211,10
DA:212,10
DA:215,10
DA:216,10
DA:217,1
DA:219,10
DA:220,1
DA:222,10
DA:223,3
DA:224,3
DA:225,2
DA:227,3
DA:228,2
DA:232,10
DA:238,9
DA:240,9
DA:241,11
DA:253,11
DA:257,9
DA:258,9
DA:259,9
DA:261,1
DA:262,1
DA:263,1
DA:268,1
DA:270,5
DA:271,5
DA:276,55
DA:277,11
DA:279,44
DA:280,44
DA:281,3
DA:283,41
DA:287,1
DA:288,2
DA:289,2
DA:290,2
DA:291,1
DA:292,1
DA:294,1
DA:295,1
DA:296,1
DA:301,1
DA:302,3
DA:303,3
DA:304,2
DA:305,1
DA:306,1
DA:308,1
DA:310,1
DA:311,1
DA:312,1
DA:317,1
DA:318,2
DA:319,2
DA:320,2
DA:328,1
DA:329,1
DA:331,1
DA:332,1
DA:333,1
DA:338,1
DA:339,1
DA:344,1
DA:345,1
DA:349,1
DA:350,2
DA:351,2
DA:352,2
DA:353,1
DA:358,1
DA:359,1
DA:361,1
DA:362,1
DA:372,11
DA:373,11
DA:374,11
DA:375,11
DA:376,11
DA:377,11
DA:379,11
DA:383,8
DA:388,8
DA:392,8
DA:401,10
DA:402,10
DA:406,3
DA:407,3
DA:411,1
LF:181
LH:181
BRDA:16,0,0,1
BRDA:16,0,1,6
BRDA:20,1,0,1
BRDA:20,1,1,6
BRDA:24,2,0,3
BRDA:24,2,1,4
BRDA:24,3,0,7
BRDA:24,3,1,5
BRDA:26,4,0,2
BRDA:26,4,1,1
BRDA:29,5,0,2
BRDA:29,5,1,1
BRDA:42,6,0,6
BRDA:42,6,1,6
BRDA:43,7,0,6
BRDA:43,7,1,6
BRDA:74,8,0,1
BRDA:74,8,1,6
BRDA:78,9,0,1
BRDA:78,9,1,6
BRDA:82,10,0,3
BRDA:82,10,1,4
BRDA:82,11,0,7
BRDA:82,11,1,5
BRDA:84,12,0,2
BRDA:84,12,1,1
BRDA:87,13,0,2
BRDA:87,13,1,1
BRDA:109,14,0,2
BRDA:109,14,1,1
BRDA:131,15,0,1
BRDA:131,15,1,4
BRDA:131,16,0,5
BRDA:131,16,1,4
BRDA:139,17,0,1
BRDA:139,17,1,2
BRDA:145,18,0,2
BRDA:145,18,1,1
BRDA:153,19,0,2
BRDA:153,19,1,1
BRDA:173,20,0,1
BRDA:173,20,1,4
BRDA:173,21,0,5
BRDA:173,21,1,4
BRDA:181,22,0,1
BRDA:181,22,1,2
BRDA:187,23,0,2
BRDA:187,23,1,1
BRDA:195,24,0,2
BRDA:195,24,1,1
BRDA:216,25,0,1
BRDA:216,25,1,9
BRDA:219,26,0,1
BRDA:219,26,1,9
BRDA:222,27,0,3
BRDA:222,27,1,7
BRDA:222,28,0,10
BRDA:222,28,1,8
BRDA:224,29,0,2
BRDA:224,29,1,1
BRDA:227,30,0,2
BRDA:227,30,1,1
BRDA:249,31,0,6
BRDA:249,31,1,5
BRDA:250,32,0,4
BRDA:250,32,1,7
BRDA:276,33,0,11
BRDA:276,33,1,44
BRDA:276,34,0,55
BRDA:276,34,1,44
BRDA:280,35,0,3
BRDA:280,35,1,41
BRDA:280,36,0,44
BRDA:280,36,1,42
BRDA:280,36,2,41
BRDA:304,37,0,1
BRDA:304,37,1,1
BRDA:341,38,0,1
BRDA:341,38,1,1
BRDA:342,39,0,1
BRDA:342,39,1,1
BRDA:355,40,0,1
BRDA:355,40,1,1
BRDA:356,41,0,1
BRDA:356,41,1,1
BRDA:398,42,0,8
BRDA:398,42,1,1
BRF:87
BRH:87
end_of_record
TN:
SF:src\routes\authRoutes.js
FN:13,(anonymous_0)
FN:19,(anonymous_1)
FN:20,(anonymous_2)
FNF:3
FNH:3
FNDA:2,(anonymous_0)
FNDA:2,(anonymous_1)
FNDA:2,(anonymous_2)
DA:2,2
DA:3,2
DA:4,2
DA:7,2
DA:10,2
DA:14,2
DA:19,2
DA:20,2
DA:21,2
DA:25,2
LF:10
LH:10
BRF:0
BRH:0
end_of_record
TN:
SF:src\routes\tutorRoutes.js
FN:9,(anonymous_0)
FN:24,(anonymous_1)
FN:50,(anonymous_2)
FN:69,(anonymous_3)
FN:85,(anonymous_4)
FN:116,(anonymous_5)
FNF:6
FNH:6
FNDA:3,(anonymous_0)
FNDA:2,(anonymous_1)
FNDA:5,(anonymous_2)
FNDA:1,(anonymous_3)
FNDA:4,(anonymous_4)
FNDA:4,(anonymous_5)
DA:1,1
DA:2,1
DA:3,1
DA:4,1
DA:5,1
DA:6,1
DA:9,1
DA:10,3
DA:12,3
DA:13,2
DA:14,2
DA:16,2
DA:18,1
DA:19,1
DA:24,1
DA:25,2
DA:28,2
DA:39,2
DA:40,2
DA:41,1
DA:43,1
DA:44,1
DA:45,1
DA:50,1
DA:51,5
DA:52,5
DA:57,4
DA:58,1
DA:61,3
DA:62,1
DA:65,2
DA:66,2
DA:69,2
DA:71,2
DA:73,1
DA:74,1
DA:75,1
DA:80,1
DA:86,4
DA:88,4
DA:89,4
DA:95,3
DA:96,2
DA:100,1
DA:101,1
DA:102,1
DA:103,1
DA:105,1
DA:106,1
DA:108,1
DA:109,1
DA:110,1
DA:116,1
DA:117,4
DA:118,4
DA:123,3
DA:124,1
DA:127,2
DA:128,1
DA:131,1
DA:132,1
DA:134,1
DA:135,1
DA:136,1
DA:140,1
LF:65
LH:65
BRDA:13,0,0,2
BRDA:13,0,1,2
BRDA:57,1,0,1
BRDA:57,1,1,3
BRDA:61,2,0,1
BRDA:61,2,1,2
BRDA:95,3,0,2
BRDA:95,3,1,1
BRDA:123,4,0,1
BRDA:123,4,1,2
BRDA:127,5,0,1
BRDA:127,5,1,1
BRF:12
BRH:12
end_of_record
