TN:
SF:src\emailService.js
FN:13,sendEmailToAdmin
FN:26,(anonymous_1)
FNF:2
FNH:0
FNDA:0,sendEmailToAdmin
FNDA:0,(anonymous_1)
DA:2,0
DA:4,0
DA:14,0
DA:26,0
DA:27,0
DA:28,0
DA:30,0
DA:36,0
LF:8
LH:0
BRDA:27,0,0,0
BRDA:27,0,1,0
BRF:2
BRH:0
end_of_record
TN:
SF:src\middleware\auth.js
FN:7,isAuthenticated
FN:17,isAdmin
FN:32,isTutor
FN:47,attachUserRole
FNF:4
FNH:4
FNDA:2,isAuthenticated
FNDA:3,isAdmin
FNDA:3,isTutor
FNDA:3,attachUserRole
DA:8,2
DA:9,1
DA:11,1
DA:18,3
DA:19,1
DA:23,2
DA:33,3
DA:34,2
DA:38,1
DA:48,3
DA:49,2
DA:50,2
DA:52,1
DA:53,1
DA:55,3
DA:56,3
DA:59,1
LF:17
LH:17
BRDA:8,0,0,1
BRDA:8,0,1,1
BRDA:18,1,0,1
BRDA:18,1,1,2
BRDA:18,2,0,3
BRDA:18,2,1,2
BRDA:18,2,2,2
BRDA:33,3,0,2
BRDA:33,3,1,1
BRDA:33,4,0,3
BRDA:33,4,1,2
BRDA:33,4,2,2
BRDA:33,4,3,1
BRDA:48,5,0,2
BRDA:48,5,1,1
BRDA:50,6,0,2
BRDA:50,6,1,1
BRDA:55,7,0,3
BRDA:55,7,1,1
BRF:19
BRH:19
end_of_record
TN:
SF:src\middleware\validation.js
FN:7,validateTutorSession
FN:74,validateAdminReview
FNF:2
FNH:2
FNDA:13,validateTutorSession
FNDA:5,validateAdminReview
DA:8,13
DA:9,13
DA:12,13
DA:13,1
DA:15,12
DA:16,12
DA:17,1
DA:20,12
DA:21,12
DA:22,12
DA:23,1
DA:28,13
DA:29,1
DA:30,12
DA:31,1
DA:32,11
DA:33,1
DA:37,13
DA:38,1
DA:39,12
DA:40,1
DA:41,11
DA:42,0
DA:46,13
DA:47,13
DA:48,0
DA:49,13
DA:50,1
DA:51,12
DA:52,1
DA:53,11
DA:54,1
DA:58,13
DA:59,11
DA:60,11
DA:64,2
DA:65,2
DA:66,2
DA:68,2
DA:75,5
DA:76,5
DA:79,5
DA:80,1
DA:84,5
DA:85,1
DA:89,5
DA:90,2
DA:91,2
DA:95,3
DA:96,3
DA:99,3
DA:102,1
LF:52
LH:50
BRDA:12,0,0,1
BRDA:12,0,1,12
BRDA:16,1,0,1
BRDA:16,1,1,11
BRDA:22,2,0,1
BRDA:22,2,1,11
BRDA:28,3,0,1
BRDA:28,3,1,12
BRDA:28,4,0,13
BRDA:28,4,1,12
BRDA:30,5,0,1
BRDA:30,5,1,11
BRDA:32,6,0,1
BRDA:32,6,1,10
BRDA:37,7,0,1
BRDA:37,7,1,12
BRDA:37,8,0,13
BRDA:37,8,1,12
BRDA:39,9,0,1
BRDA:39,9,1,11
BRDA:41,10,0,0
BRDA:41,10,1,11
BRDA:47,11,0,0
BRDA:47,11,1,13
BRDA:47,12,0,13
BRDA:47,12,1,13
BRDA:49,13,0,1
BRDA:49,13,1,12
BRDA:51,14,0,1
BRDA:51,14,1,11
BRDA:53,15,0,1
BRDA:53,15,1,10
BRDA:58,16,0,11
BRDA:58,16,1,2
BRDA:79,17,0,1
BRDA:79,17,1,4
BRDA:79,18,0,5
BRDA:79,18,1,5
BRDA:84,19,0,1
BRDA:84,19,1,4
BRDA:84,20,0,5
BRDA:84,20,1,5
BRDA:89,21,0,2
BRDA:89,21,1,3
BRDA:95,22,0,3
BRDA:95,22,1,0
BRF:46
BRH:43
end_of_record
TN:
SF:src\models\AdminReviewLog.js
FNF:0
FNH:0
DA:2,1
DA:5,1
DA:42,1
DA:43,1
DA:45,1
DA:47,1
LF:6
LH:6
BRF:0
BRH:0
end_of_record
TN:
SF:src\models\TutorSession.js
FN:67,(anonymous_0)
FNF:1
FNH:1
FNDA:27,(anonymous_0)
DA:2,2
DA:5,2
DA:67,2
DA:68,27
DA:71,27
DA:72,12
DA:76,27
DA:77,4
DA:80,27
DA:84,2
DA:86,2
DA:88,2
LF:12
LH:12
BRDA:71,0,0,12
BRDA:71,0,1,15
BRDA:71,1,0,27
BRDA:71,1,1,19
BRDA:71,1,2,12
BRDA:76,2,0,4
BRDA:76,2,1,23
BRDA:76,3,0,27
BRDA:76,3,1,19
BRDA:76,3,2,17
BRDA:76,3,3,4
BRF:11
BRH:11
end_of_record
TN:
SF:src\models\User.js
FN:44,(anonymous_0)
FNF:1
FNH:1
FNDA:49,(anonymous_0)
DA:2,3
DA:5,3
DA:44,3
DA:45,49
DA:46,49
DA:49,3
DA:51,3
LF:7
LH:7
BRF:0
BRH:0
end_of_record
TN:
SF:src\routes\adminRoutes.js
FN:10,(anonymous_0)
FN:68,(anonymous_1)
FN:91,(anonymous_2)
FN:130,(anonymous_3)
FN:169,(anonymous_4)
FN:190,(anonymous_5)
FN:218,escapeCSV
FN:228,calculateStats
FN:246,(anonymous_8)
FNF:9
FNH:0
FNDA:0,(anonymous_0)
FNDA:0,(anonymous_1)
FNDA:0,(anonymous_2)
FNDA:0,(anonymous_3)
FNDA:0,(anonymous_4)
FNDA:0,(anonymous_5)
FNDA:0,escapeCSV
FNDA:0,calculateStats
FNDA:0,(anonymous_8)
DA:2,0
DA:3,0
DA:4,0
DA:5,0
DA:6,0
DA:7,0
DA:10,0
DA:11,0
DA:12,0
DA:15,0
DA:17,0
DA:18,0
DA:21,0
DA:22,0
DA:25,0
DA:26,0
DA:27,0
DA:28,0
DA:30,0
DA:31,0
DA:36,0
DA:41,0
DA:43,0
DA:44,0
DA:45,0
DA:46,0
DA:48,0
DA:56,0
DA:57,0
DA:68,0
DA:69,0
DA:70,0
DA:73,0
DA:74,0
DA:75,0
DA:79,0
DA:82,0
DA:84,0
DA:85,0
DA:86,0
DA:91,0
DA:92,0
DA:93,0
DA:94,0
DA:99,0
DA:100,0
DA:101,0
DA:105,0
DA:106,0
DA:107,0
DA:110,0
DA:118,0
DA:120,0
DA:121,0
DA:123,0
DA:124,0
DA:125,0
DA:130,0
DA:131,0
DA:132,0
DA:133,0
DA:138,0
DA:139,0
DA:140,0
DA:144,0
DA:145,0
DA:146,0
DA:149,0
DA:157,0
DA:159,0
DA:160,0
DA:162,0
DA:163,0
DA:164,0
DA:169,0
DA:170,0
DA:171,0
DA:174,0
DA:175,0
DA:176,0
DA:177,0
DA:178,0
DA:179,0
DA:180,0
DA:183,0
DA:188,0
DA:190,0
DA:191,0
DA:203,0
DA:207,0
DA:208,0
DA:209,0
DA:211,0
DA:212,0
DA:213,0
DA:219,0
DA:220,0
DA:221,0
DA:222,0
DA:224,0
DA:229,0
DA:230,0
DA:234,0
DA:239,0
DA:243,0
DA:247,0
DA:248,0
DA:252,0
DA:253,0
DA:257,0
LF:110
LH:0
BRDA:17,0,0,0
BRDA:17,0,1,0
BRDA:21,1,0,0
BRDA:21,1,1,0
BRDA:25,2,0,0
BRDA:25,2,1,0
BRDA:25,3,0,0
BRDA:25,3,1,0
BRDA:27,4,0,0
BRDA:27,4,1,0
BRDA:30,5,0,0
BRDA:30,5,1,0
BRDA:43,6,0,0
BRDA:43,6,1,0
BRDA:44,7,0,0
BRDA:44,7,1,0
BRDA:73,8,0,0
BRDA:73,8,1,0
BRDA:99,9,0,0
BRDA:99,9,1,0
BRDA:106,10,0,0
BRDA:106,10,1,0
BRDA:114,11,0,0
BRDA:114,11,1,0
BRDA:138,12,0,0
BRDA:138,12,1,0
BRDA:145,13,0,0
BRDA:145,13,1,0
BRDA:153,14,0,0
BRDA:153,14,1,0
BRDA:175,15,0,0
BRDA:175,15,1,0
BRDA:176,16,0,0
BRDA:176,16,1,0
BRDA:177,17,0,0
BRDA:177,17,1,0
BRDA:177,18,0,0
BRDA:177,18,1,0
BRDA:179,19,0,0
BRDA:179,19,1,0
BRDA:180,20,0,0
BRDA:180,20,1,0
BRDA:199,21,0,0
BRDA:199,21,1,0
BRDA:200,22,0,0
BRDA:200,22,1,0
BRDA:201,23,0,0
BRDA:201,23,1,0
BRDA:219,24,0,0
BRDA:219,24,1,0
BRDA:219,25,0,0
BRDA:219,25,1,0
BRDA:221,26,0,0
BRDA:221,26,1,0
BRDA:221,27,0,0
BRDA:221,27,1,0
BRDA:221,27,2,0
BRDA:244,28,0,0
BRDA:244,28,1,0
BRF:59
BRH:0
end_of_record
TN:
SF:src\routes\authRoutes.js
FN:12,(anonymous_0)
FN:18,(anonymous_1)
FN:19,(anonymous_2)
FNF:3
FNH:0
FNDA:0,(anonymous_0)
FNDA:0,(anonymous_1)
FNDA:0,(anonymous_2)
DA:2,0
DA:3,0
DA:4,0
DA:7,0
DA:10,0
DA:13,0
DA:18,0
DA:19,0
DA:20,0
DA:24,0
LF:10
LH:0
BRF:0
BRH:0
end_of_record
TN:
SF:src\routes\tutorRoutes.js
FN:9,(anonymous_0)
FN:24,(anonymous_1)
FN:51,(anonymous_2)
FN:80,(anonymous_3)
FN:112,(anonymous_4)
FNF:5
FNH:0
FNDA:0,(anonymous_0)
FNDA:0,(anonymous_1)
FNDA:0,(anonymous_2)
FNDA:0,(anonymous_3)
FNDA:0,(anonymous_4)
DA:1,0
DA:2,0
DA:3,0
DA:4,0
DA:5,0
DA:6,0
DA:9,0
DA:10,0
DA:12,0
DA:13,0
DA:14,0
DA:16,0
DA:18,0
DA:19,0
DA:24,0
DA:25,0
DA:28,0
DA:39,0
DA:40,0
DA:41,0
DA:42,0
DA:44,0
DA:45,0
DA:46,0
DA:51,0
DA:52,0
DA:53,0
DA:59,0
DA:60,0
DA:61,0
DA:64,0
DA:65,0
DA:68,0
DA:70,0
DA:71,0
DA:73,0
DA:74,0
DA:75,0
DA:80,0
DA:81,0
DA:83,0
DA:84,0
DA:90,0
DA:91,0
DA:92,0
DA:96,0
DA:97,0
DA:98,0
DA:99,0
DA:101,0
DA:102,0
DA:103,0
DA:105,0
DA:106,0
DA:107,0
DA:112,0
DA:113,0
DA:114,0
DA:120,0
DA:121,0
DA:123,0
DA:126,0
DA:128,0
DA:129,0
DA:130,0
DA:134,0
LF:66
LH:0
BRDA:13,0,0,0
BRDA:13,0,1,0
BRDA:59,1,0,0
BRDA:59,1,1,0
BRDA:90,2,0,0
BRDA:90,2,1,0
BRDA:120,3,0,0
BRDA:120,3,1,0
BRF:8
BRH:0
end_of_record
